2023-09-24 09:16:46,658 INFO    StreamThr :22399 [internal.py:wandb_internal():86] W&B internal server running at pid: 22399, started at: 2023-09-24 09:16:46.658278
2023-09-24 09:16:46,660 DEBUG   HandlerThread:22399 [handler.py:handle_request():144] handle_request: status
2023-09-24 09:16:46,664 INFO    WriterThread:22399 [datastore.py:open_for_write():85] open: /root/autodl-tmp/msc_ml/llm_thought/Evaluation/wandb/run-20230924_091646-1rkn2p53/run-1rkn2p53.wandb
2023-09-24 09:16:46,664 DEBUG   SenderThread:22399 [sender.py:send():379] send: header
2023-09-24 09:16:46,978 DEBUG   SenderThread:22399 [sender.py:send():379] send: run
2023-09-24 09:16:47,669 INFO    SenderThread:22399 [dir_watcher.py:__init__():211] watching files in: /root/autodl-tmp/msc_ml/llm_thought/Evaluation/wandb/run-20230924_091646-1rkn2p53/files
2023-09-24 09:16:47,669 INFO    SenderThread:22399 [sender.py:_start_run_threads():1121] run started: 1rkn2p53 with start time 1695518206.658916
2023-09-24 09:16:47,671 DEBUG   SenderThread:22399 [sender.py:send_request():406] send_request: summary_record
2023-09-24 09:16:47,671 INFO    SenderThread:22399 [sender.py:_save_file():1375] saving file wandb-summary.json with policy end
2023-09-24 09:16:47,677 DEBUG   HandlerThread:22399 [handler.py:handle_request():144] handle_request: check_version
2023-09-24 09:16:47,677 DEBUG   SenderThread:22399 [sender.py:send_request():406] send_request: check_version
2023-09-24 09:16:48,671 INFO    Thread-12 :22399 [dir_watcher.py:_on_file_created():271] file/dir created: /root/autodl-tmp/msc_ml/llm_thought/Evaluation/wandb/run-20230924_091646-1rkn2p53/files/wandb-summary.json
2023-09-24 09:16:50,823 DEBUG   HandlerThread:22399 [handler.py:handle_request():144] handle_request: run_start
2023-09-24 09:16:50,832 DEBUG   HandlerThread:22399 [system_info.py:__init__():31] System info init
2023-09-24 09:16:50,832 DEBUG   HandlerThread:22399 [system_info.py:__init__():46] System info init done
2023-09-24 09:16:50,832 INFO    HandlerThread:22399 [system_monitor.py:start():181] Starting system monitor
2023-09-24 09:16:50,833 INFO    SystemMonitor:22399 [system_monitor.py:_start():145] Starting system asset monitoring threads
2023-09-24 09:16:50,833 INFO    HandlerThread:22399 [system_monitor.py:probe():201] Collecting system info
2023-09-24 09:16:50,834 INFO    SystemMonitor:22399 [interfaces.py:start():190] Started cpu monitoring
2023-09-24 09:16:50,834 INFO    SystemMonitor:22399 [interfaces.py:start():190] Started disk monitoring
2023-09-24 09:16:50,835 INFO    SystemMonitor:22399 [interfaces.py:start():190] Started gpu monitoring
2023-09-24 09:16:50,836 INFO    SystemMonitor:22399 [interfaces.py:start():190] Started memory monitoring
2023-09-24 09:16:50,836 INFO    SystemMonitor:22399 [interfaces.py:start():190] Started network monitoring
2023-09-24 09:16:50,861 DEBUG   HandlerThread:22399 [system_info.py:probe():195] Probing system
2023-09-24 09:16:50,869 DEBUG   HandlerThread:22399 [system_info.py:_probe_git():180] Probing git
2023-09-24 09:16:50,881 DEBUG   HandlerThread:22399 [system_info.py:_probe_git():188] Probing git done
2023-09-24 09:16:50,881 DEBUG   HandlerThread:22399 [system_info.py:probe():240] Probing system done
2023-09-24 09:16:50,882 DEBUG   HandlerThread:22399 [system_monitor.py:probe():210] {'os': 'Linux-5.4.0-99-generic-x86_64-with-glibc2.17', 'python': '3.8.10', 'heartbeatAt': '2023-09-24T01:16:50.862041', 'startedAt': '2023-09-24T01:16:46.649938', 'docker': None, 'cuda': None, 'args': (), 'state': 'running', 'program': '/root/autodl-tmp/msc_ml/llm_thought/Train/flan_t5/flan_t5_train.py', 'codePath': 'Train/flan_t5/flan_t5_train.py', 'git': {'remote': 'https://github.com/Greenoso/llm_thought.git', 'commit': '8429b2fe47004e9d98c4486c6e156e867b3ab5c7'}, 'email': 'jiacheng.liu.19.ucl@gmail.com', 'root': '/root/autodl-tmp/msc_ml/llm_thought', 'host': 'autodl-container-55da118bfa-7e0e117f', 'username': 'root', 'executable': '/root/miniconda3/bin/python', 'cpu_count': 40, 'cpu_count_logical': 80, 'cpu_freq': {'current': 2999.864000000001, 'min': 0.0, 'max': 0.0}, 'cpu_freq_per_core': [{'current': 2999.864, 'min': 0.0, 'max': 0.0}, {'current': 2999.864, 'min': 0.0, 'max': 0.0}, {'current': 2999.864, 'min': 0.0, 'max': 0.0}, {'current': 2999.864, 'min': 0.0, 'max': 0.0}, {'current': 2999.864, 'min': 0.0, 'max': 0.0}, {'current': 2999.864, 'min': 0.0, 'max': 0.0}, {'current': 2999.864, 'min': 0.0, 'max': 0.0}, {'current': 2999.864, 'min': 0.0, 'max': 0.0}, {'current': 2999.864, 'min': 0.0, 'max': 0.0}, {'current': 2999.864, 'min': 0.0, 'max': 0.0}, {'current': 2999.864, 'min': 0.0, 'max': 0.0}, {'current': 2999.864, 'min': 0.0, 'max': 0.0}, {'current': 2999.864, 'min': 0.0, 'max': 0.0}, {'current': 2999.864, 'min': 0.0, 'max': 0.0}, {'current': 2999.864, 'min': 0.0, 'max': 0.0}, {'current': 2999.864, 'min': 0.0, 'max': 0.0}, {'current': 2999.864, 'min': 0.0, 'max': 0.0}, {'current': 2999.864, 'min': 0.0, 'max': 0.0}, {'current': 2999.864, 'min': 0.0, 'max': 0.0}, {'current': 2999.864, 'min': 0.0, 'max': 0.0}, {'current': 2999.864, 'min': 0.0, 'max': 0.0}, {'current': 2999.864, 'min': 0.0, 'max': 0.0}, {'current': 2999.864, 'min': 0.0, 'max': 0.0}, {'current': 2999.864, 'min': 0.0, 'max': 0.0}, {'current': 2999.864, 'min': 0.0, 'max': 0.0}, {'current': 2999.864, 'min': 0.0, 'max': 0.0}, {'current': 2999.864, 'min': 0.0, 'max': 0.0}, {'current': 2999.864, 'min': 0.0, 'max': 0.0}, {'current': 2999.864, 'min': 0.0, 'max': 0.0}, {'current': 2999.864, 'min': 0.0, 'max': 0.0}, {'current': 2999.864, 'min': 0.0, 'max': 0.0}, {'current': 2999.864, 'min': 0.0, 'max': 0.0}, {'current': 2999.864, 'min': 0.0, 'max': 0.0}, {'current': 2999.864, 'min': 0.0, 'max': 0.0}, {'current': 2999.864, 'min': 0.0, 'max': 0.0}, {'current': 2999.864, 'min': 0.0, 'max': 0.0}, {'current': 2999.864, 'min': 0.0, 'max': 0.0}, {'current': 2999.864, 'min': 0.0, 'max': 0.0}, {'current': 2999.864, 'min': 0.0, 'max': 0.0}, {'current': 2999.864, 'min': 0.0, 'max': 0.0}, {'current': 2999.864, 'min': 0.0, 'max': 0.0}, {'current': 2999.864, 'min': 0.0, 'max': 0.0}, {'current': 2999.864, 'min': 0.0, 'max': 0.0}, {'current': 2999.864, 'min': 0.0, 'max': 0.0}, {'current': 2999.864, 'min': 0.0, 'max': 0.0}, {'current': 2999.864, 'min': 0.0, 'max': 0.0}, {'current': 2999.864, 'min': 0.0, 'max': 0.0}, {'current': 2999.864, 'min': 0.0, 'max': 0.0}, {'current': 2999.864, 'min': 0.0, 'max': 0.0}, {'current': 2999.864, 'min': 0.0, 'max': 0.0}, {'current': 2999.864, 'min': 0.0, 'max': 0.0}, {'current': 2999.864, 'min': 0.0, 'max': 0.0}, {'current': 2999.864, 'min': 0.0, 'max': 0.0}, {'current': 2999.864, 'min': 0.0, 'max': 0.0}, {'current': 2999.864, 'min': 0.0, 'max': 0.0}, {'current': 2999.864, 'min': 0.0, 'max': 0.0}, {'current': 2999.864, 'min': 0.0, 'max': 0.0}, {'current': 2999.864, 'min': 0.0, 'max': 0.0}, {'current': 2999.864, 'min': 0.0, 'max': 0.0}, {'current': 2999.864, 'min': 0.0, 'max': 0.0}, {'current': 2999.864, 'min': 0.0, 'max': 0.0}, {'current': 2999.864, 'min': 0.0, 'max': 0.0}, {'current': 2999.864, 'min': 0.0, 'max': 0.0}, {'current': 2999.864, 'min': 0.0, 'max': 0.0}, {'current': 2999.864, 'min': 0.0, 'max': 0.0}, {'current': 2999.864, 'min': 0.0, 'max': 0.0}, {'current': 2999.864, 'min': 0.0, 'max': 0.0}, {'current': 2999.864, 'min': 0.0, 'max': 0.0}, {'current': 2999.864, 'min': 0.0, 'max': 0.0}, {'current': 2999.864, 'min': 0.0, 'max': 0.0}, {'current': 2999.864, 'min': 0.0, 'max': 0.0}, {'current': 2999.864, 'min': 0.0, 'max': 0.0}, {'current': 2999.864, 'min': 0.0, 'max': 0.0}, {'current': 2999.864, 'min': 0.0, 'max': 0.0}, {'current': 2999.864, 'min': 0.0, 'max': 0.0}, {'current': 2999.864, 'min': 0.0, 'max': 0.0}, {'current': 2999.864, 'min': 0.0, 'max': 0.0}, {'current': 2999.864, 'min': 0.0, 'max': 0.0}, {'current': 2999.864, 'min': 0.0, 'max': 0.0}, {'current': 2999.864, 'min': 0.0, 'max': 0.0}], 'disk': {'total': 30.0, 'used': 13.186290740966797}, 'gpu': 'Tesla V100S-PCIE-32GB', 'gpu_count': 4, 'gpu_devices': [{'name': 'Tesla V100S-PCIE-32GB', 'memory_total': 34359738368}, {'name': 'Tesla V100S-PCIE-32GB', 'memory_total': 34359738368}, {'name': 'Tesla V100S-PCIE-32GB', 'memory_total': 34359738368}, {'name': 'Tesla V100S-PCIE-32GB', 'memory_total': 34359738368}], 'memory': {'total': 629.8885612487793}}
2023-09-24 09:16:50,882 INFO    HandlerThread:22399 [system_monitor.py:probe():211] Finished collecting system info
2023-09-24 09:16:50,882 INFO    HandlerThread:22399 [system_monitor.py:probe():214] Publishing system info
2023-09-24 09:16:50,882 DEBUG   HandlerThread:22399 [system_info.py:_save_pip():51] Saving list of pip packages installed into the current environment
2023-09-24 09:16:50,882 DEBUG   HandlerThread:22399 [system_info.py:_save_pip():67] Saving pip packages done
2023-09-24 09:16:50,882 DEBUG   HandlerThread:22399 [system_info.py:_save_conda():74] Saving list of conda packages installed into the current environment
2023-09-24 09:16:51,671 INFO    Thread-12 :22399 [dir_watcher.py:_on_file_created():271] file/dir created: /root/autodl-tmp/msc_ml/llm_thought/Evaluation/wandb/run-20230924_091646-1rkn2p53/files/requirements.txt
2023-09-24 09:16:51,671 INFO    Thread-12 :22399 [dir_watcher.py:_on_file_created():271] file/dir created: /root/autodl-tmp/msc_ml/llm_thought/Evaluation/wandb/run-20230924_091646-1rkn2p53/files/conda-environment.yaml
2023-09-24 09:16:54,144 DEBUG   HandlerThread:22399 [system_info.py:_save_conda():86] Saving conda packages done
2023-09-24 09:16:54,145 INFO    HandlerThread:22399 [system_monitor.py:probe():216] Finished publishing system info
2023-09-24 09:16:54,150 DEBUG   HandlerThread:22399 [handler.py:handle_request():144] handle_request: status_report
2023-09-24 09:16:54,151 DEBUG   SenderThread:22399 [sender.py:send():379] send: files
2023-09-24 09:16:54,151 INFO    SenderThread:22399 [sender.py:_save_file():1375] saving file wandb-metadata.json with policy now
2023-09-24 09:16:54,155 DEBUG   HandlerThread:22399 [handler.py:handle_request():144] handle_request: stop_status
2023-09-24 09:16:54,156 DEBUG   SenderThread:22399 [sender.py:send_request():406] send_request: stop_status
2023-09-24 09:16:54,671 INFO    Thread-12 :22399 [dir_watcher.py:_on_file_modified():288] file/dir modified: /root/autodl-tmp/msc_ml/llm_thought/Evaluation/wandb/run-20230924_091646-1rkn2p53/files/conda-environment.yaml
2023-09-24 09:16:54,672 INFO    Thread-12 :22399 [dir_watcher.py:_on_file_created():271] file/dir created: /root/autodl-tmp/msc_ml/llm_thought/Evaluation/wandb/run-20230924_091646-1rkn2p53/files/wandb-metadata.json
2023-09-24 09:16:55,016 DEBUG   SenderThread:22399 [sender.py:send():379] send: telemetry
2023-09-24 09:16:55,017 DEBUG   SenderThread:22399 [sender.py:send():379] send: config
2023-09-24 09:16:55,515 ERROR   wandb-upload_0:22399 [internal_api.py:upload_file():2496] upload_file exception https://storage.googleapis.com/wandb-production.appspot.com/ucl_2023_com00087/trlx/1rkn2p53/wandb-metadata.json?Expires=1695604615&GoogleAccessId=gorilla-files-url-signer-man%40wandb-production.iam.gserviceaccount.com&Signature=tS870zTXSAXVFm5Q2gDHmi%2BefSabJp%2Fkbt8PvM5hZ07AVEehL0Iv9J4P4W1TDSjy2yG8gn2r7H4o1ek7T8SKou6YZUug4sCzKI43tByAMnkzKeWRspF6oq1tp5IgRE6YbCZzg9MJaPf3kOfy7SM1AeCUaqhFC1vWCUtL7P18uptKiOuJeLcI9Z9UuN5wOREDyosYbiI718Vd5TmhfFifvmZ6ApynCuGDQh%2BgiF1fHQQCV%2BA%2Bj05jim1QICMWh5DV8FDnBDPxkehSHZDgp%2BjPAi%2FOb%2B9A3zUSw6hkGV%2B5YxyMn9%2Bu6qdNbpSJwcUhx4Ye1nalCeVWYKEd8BFqRf7gbA%3D%3D: ('Connection aborted.', ConnectionResetError(104, 'Connection reset by peer'))
2023-09-24 09:16:55,515 ERROR   wandb-upload_0:22399 [internal_api.py:upload_file():2498] upload_file request headers: {'User-Agent': 'python-requests/2.31.0', 'Accept-Encoding': 'gzip, deflate, br', 'Accept': '*/*', 'Connection': 'keep-alive', 'Content-Length': '9671'}
2023-09-24 09:16:55,515 ERROR   wandb-upload_0:22399 [internal_api.py:upload_file():2500] upload_file response body: 
2023-09-24 09:16:55,672 INFO    Thread-12 :22399 [dir_watcher.py:_on_file_created():271] file/dir created: /root/autodl-tmp/msc_ml/llm_thought/Evaluation/wandb/run-20230924_091646-1rkn2p53/files/output.log
2023-09-24 09:16:57,548 DEBUG   HandlerThread:22399 [handler.py:handle_request():144] handle_request: status_report
2023-09-24 09:16:57,672 INFO    Thread-12 :22399 [dir_watcher.py:_on_file_modified():288] file/dir modified: /root/autodl-tmp/msc_ml/llm_thought/Evaluation/wandb/run-20230924_091646-1rkn2p53/files/output.log
2023-09-24 09:16:59,673 INFO    Thread-12 :22399 [dir_watcher.py:_on_file_modified():288] file/dir modified: /root/autodl-tmp/msc_ml/llm_thought/Evaluation/wandb/run-20230924_091646-1rkn2p53/files/output.log
2023-09-24 09:17:00,673 INFO    Thread-12 :22399 [dir_watcher.py:_on_file_modified():288] file/dir modified: /root/autodl-tmp/msc_ml/llm_thought/Evaluation/wandb/run-20230924_091646-1rkn2p53/files/output.log
2023-09-24 09:17:02,550 DEBUG   HandlerThread:22399 [handler.py:handle_request():144] handle_request: status_report
2023-09-24 09:17:03,674 INFO    Thread-12 :22399 [dir_watcher.py:_on_file_modified():288] file/dir modified: /root/autodl-tmp/msc_ml/llm_thought/Evaluation/wandb/run-20230924_091646-1rkn2p53/files/output.log
2023-09-24 09:17:05,675 INFO    Thread-12 :22399 [dir_watcher.py:_on_file_modified():288] file/dir modified: /root/autodl-tmp/msc_ml/llm_thought/Evaluation/wandb/run-20230924_091646-1rkn2p53/files/output.log
2023-09-24 09:17:07,677 INFO    Thread-12 :22399 [dir_watcher.py:_on_file_modified():288] file/dir modified: /root/autodl-tmp/msc_ml/llm_thought/Evaluation/wandb/run-20230924_091646-1rkn2p53/files/output.log
2023-09-24 09:17:08,402 DEBUG   HandlerThread:22399 [handler.py:handle_request():144] handle_request: status_report
2023-09-24 09:17:08,677 INFO    Thread-12 :22399 [dir_watcher.py:_on_file_modified():288] file/dir modified: /root/autodl-tmp/msc_ml/llm_thought/Evaluation/wandb/run-20230924_091646-1rkn2p53/files/output.log
2023-09-24 09:17:09,156 DEBUG   HandlerThread:22399 [handler.py:handle_request():144] handle_request: stop_status
2023-09-24 09:17:09,156 DEBUG   SenderThread:22399 [sender.py:send_request():406] send_request: stop_status
2023-09-24 09:17:09,677 INFO    Thread-12 :22399 [dir_watcher.py:_on_file_modified():288] file/dir modified: /root/autodl-tmp/msc_ml/llm_thought/Evaluation/wandb/run-20230924_091646-1rkn2p53/files/output.log
2023-09-24 09:17:13,428 DEBUG   HandlerThread:22399 [handler.py:handle_request():144] handle_request: status_report
2023-09-24 09:17:13,681 INFO    Thread-12 :22399 [dir_watcher.py:_on_file_modified():288] file/dir modified: /root/autodl-tmp/msc_ml/llm_thought/Evaluation/wandb/run-20230924_091646-1rkn2p53/files/output.log
2023-09-24 09:17:15,682 INFO    Thread-12 :22399 [dir_watcher.py:_on_file_modified():288] file/dir modified: /root/autodl-tmp/msc_ml/llm_thought/Evaluation/wandb/run-20230924_091646-1rkn2p53/files/output.log
2023-09-24 09:17:17,682 INFO    Thread-12 :22399 [dir_watcher.py:_on_file_modified():288] file/dir modified: /root/autodl-tmp/msc_ml/llm_thought/Evaluation/wandb/run-20230924_091646-1rkn2p53/files/output.log
2023-09-24 09:17:18,683 INFO    Thread-12 :22399 [dir_watcher.py:_on_file_modified():288] file/dir modified: /root/autodl-tmp/msc_ml/llm_thought/Evaluation/wandb/run-20230924_091646-1rkn2p53/files/output.log
2023-09-24 09:17:18,828 DEBUG   HandlerThread:22399 [handler.py:handle_request():144] handle_request: status_report
2023-09-24 09:17:19,683 INFO    Thread-12 :22399 [dir_watcher.py:_on_file_modified():288] file/dir modified: /root/autodl-tmp/msc_ml/llm_thought/Evaluation/wandb/run-20230924_091646-1rkn2p53/files/config.yaml
2023-09-24 09:17:21,684 INFO    Thread-12 :22399 [dir_watcher.py:_on_file_modified():288] file/dir modified: /root/autodl-tmp/msc_ml/llm_thought/Evaluation/wandb/run-20230924_091646-1rkn2p53/files/output.log
2023-09-24 09:17:23,685 INFO    Thread-12 :22399 [dir_watcher.py:_on_file_modified():288] file/dir modified: /root/autodl-tmp/msc_ml/llm_thought/Evaluation/wandb/run-20230924_091646-1rkn2p53/files/output.log
2023-09-24 09:17:24,134 DEBUG   HandlerThread:22399 [handler.py:handle_request():144] handle_request: status_report
2023-09-24 09:17:24,157 DEBUG   HandlerThread:22399 [handler.py:handle_request():144] handle_request: stop_status
2023-09-24 09:17:24,157 DEBUG   SenderThread:22399 [sender.py:send_request():406] send_request: stop_status
2023-09-24 09:17:25,685 INFO    Thread-12 :22399 [dir_watcher.py:_on_file_modified():288] file/dir modified: /root/autodl-tmp/msc_ml/llm_thought/Evaluation/wandb/run-20230924_091646-1rkn2p53/files/output.log
2023-09-24 09:17:26,686 INFO    Thread-12 :22399 [dir_watcher.py:_on_file_modified():288] file/dir modified: /root/autodl-tmp/msc_ml/llm_thought/Evaluation/wandb/run-20230924_091646-1rkn2p53/files/output.log
2023-09-24 09:17:27,686 INFO    Thread-12 :22399 [dir_watcher.py:_on_file_modified():288] file/dir modified: /root/autodl-tmp/msc_ml/llm_thought/Evaluation/wandb/run-20230924_091646-1rkn2p53/files/output.log
2023-09-24 09:17:29,414 DEBUG   HandlerThread:22399 [handler.py:handle_request():144] handle_request: status_report
2023-09-24 09:17:31,687 INFO    Thread-12 :22399 [dir_watcher.py:_on_file_modified():288] file/dir modified: /root/autodl-tmp/msc_ml/llm_thought/Evaluation/wandb/run-20230924_091646-1rkn2p53/files/output.log
2023-09-24 09:17:33,688 INFO    Thread-12 :22399 [dir_watcher.py:_on_file_modified():288] file/dir modified: /root/autodl-tmp/msc_ml/llm_thought/Evaluation/wandb/run-20230924_091646-1rkn2p53/files/output.log
2023-09-24 09:17:34,466 DEBUG   HandlerThread:22399 [handler.py:handle_request():144] handle_request: status_report
2023-09-24 09:17:35,689 INFO    Thread-12 :22399 [dir_watcher.py:_on_file_modified():288] file/dir modified: /root/autodl-tmp/msc_ml/llm_thought/Evaluation/wandb/run-20230924_091646-1rkn2p53/files/output.log
2023-09-24 09:17:37,690 INFO    Thread-12 :22399 [dir_watcher.py:_on_file_modified():288] file/dir modified: /root/autodl-tmp/msc_ml/llm_thought/Evaluation/wandb/run-20230924_091646-1rkn2p53/files/output.log
2023-09-24 09:17:38,690 INFO    Thread-12 :22399 [dir_watcher.py:_on_file_modified():288] file/dir modified: /root/autodl-tmp/msc_ml/llm_thought/Evaluation/wandb/run-20230924_091646-1rkn2p53/files/output.log
2023-09-24 09:17:39,156 DEBUG   HandlerThread:22399 [handler.py:handle_request():144] handle_request: stop_status
2023-09-24 09:17:39,157 DEBUG   SenderThread:22399 [sender.py:send_request():406] send_request: stop_status
2023-09-24 09:17:39,759 DEBUG   HandlerThread:22399 [handler.py:handle_request():144] handle_request: status_report
2023-09-24 09:17:41,692 INFO    Thread-12 :22399 [dir_watcher.py:_on_file_modified():288] file/dir modified: /root/autodl-tmp/msc_ml/llm_thought/Evaluation/wandb/run-20230924_091646-1rkn2p53/files/output.log
2023-09-24 09:17:43,693 INFO    Thread-12 :22399 [dir_watcher.py:_on_file_modified():288] file/dir modified: /root/autodl-tmp/msc_ml/llm_thought/Evaluation/wandb/run-20230924_091646-1rkn2p53/files/output.log
2023-09-24 09:17:44,869 DEBUG   HandlerThread:22399 [handler.py:handle_request():144] handle_request: status_report
2023-09-24 09:17:45,694 INFO    Thread-12 :22399 [dir_watcher.py:_on_file_modified():288] file/dir modified: /root/autodl-tmp/msc_ml/llm_thought/Evaluation/wandb/run-20230924_091646-1rkn2p53/files/output.log
2023-09-24 09:17:46,694 INFO    Thread-12 :22399 [dir_watcher.py:_on_file_modified():288] file/dir modified: /root/autodl-tmp/msc_ml/llm_thought/Evaluation/wandb/run-20230924_091646-1rkn2p53/files/output.log
2023-09-24 09:17:49,871 DEBUG   HandlerThread:22399 [handler.py:handle_request():144] handle_request: status_report
2023-09-24 09:17:50,837 DEBUG   SystemMonitor:22399 [system_monitor.py:_start():159] Starting system metrics aggregation loop
2023-09-24 09:17:50,841 DEBUG   SenderThread:22399 [sender.py:send():379] send: stats
2023-09-24 09:17:51,698 INFO    Thread-12 :22399 [dir_watcher.py:_on_file_modified():288] file/dir modified: /root/autodl-tmp/msc_ml/llm_thought/Evaluation/wandb/run-20230924_091646-1rkn2p53/files/output.log
2023-09-24 09:17:53,699 INFO    Thread-12 :22399 [dir_watcher.py:_on_file_modified():288] file/dir modified: /root/autodl-tmp/msc_ml/llm_thought/Evaluation/wandb/run-20230924_091646-1rkn2p53/files/output.log
2023-09-24 09:17:54,156 DEBUG   HandlerThread:22399 [handler.py:handle_request():144] handle_request: stop_status
2023-09-24 09:17:54,157 DEBUG   SenderThread:22399 [sender.py:send_request():406] send_request: stop_status
2023-09-24 09:17:54,879 DEBUG   HandlerThread:22399 [handler.py:handle_request():144] handle_request: status_report
2023-09-24 09:17:55,700 INFO    Thread-12 :22399 [dir_watcher.py:_on_file_modified():288] file/dir modified: /root/autodl-tmp/msc_ml/llm_thought/Evaluation/wandb/run-20230924_091646-1rkn2p53/files/output.log
2023-09-24 09:17:56,700 INFO    Thread-12 :22399 [dir_watcher.py:_on_file_modified():288] file/dir modified: /root/autodl-tmp/msc_ml/llm_thought/Evaluation/wandb/run-20230924_091646-1rkn2p53/files/output.log
2023-09-24 09:17:59,701 INFO    Thread-12 :22399 [dir_watcher.py:_on_file_modified():288] file/dir modified: /root/autodl-tmp/msc_ml/llm_thought/Evaluation/wandb/run-20230924_091646-1rkn2p53/files/output.log
2023-09-24 09:17:59,905 DEBUG   HandlerThread:22399 [handler.py:handle_request():144] handle_request: status_report
2023-09-24 09:18:01,702 INFO    Thread-12 :22399 [dir_watcher.py:_on_file_modified():288] file/dir modified: /root/autodl-tmp/msc_ml/llm_thought/Evaluation/wandb/run-20230924_091646-1rkn2p53/files/output.log
2023-09-24 09:18:03,704 INFO    Thread-12 :22399 [dir_watcher.py:_on_file_modified():288] file/dir modified: /root/autodl-tmp/msc_ml/llm_thought/Evaluation/wandb/run-20230924_091646-1rkn2p53/files/output.log
2023-09-24 09:18:05,606 DEBUG   HandlerThread:22399 [handler.py:handle_request():144] handle_request: status_report
2023-09-24 09:18:05,704 INFO    Thread-12 :22399 [dir_watcher.py:_on_file_modified():288] file/dir modified: /root/autodl-tmp/msc_ml/llm_thought/Evaluation/wandb/run-20230924_091646-1rkn2p53/files/output.log
2023-09-24 09:18:06,704 INFO    Thread-12 :22399 [dir_watcher.py:_on_file_modified():288] file/dir modified: /root/autodl-tmp/msc_ml/llm_thought/Evaluation/wandb/run-20230924_091646-1rkn2p53/files/output.log
2023-09-24 09:18:09,156 DEBUG   HandlerThread:22399 [handler.py:handle_request():144] handle_request: stop_status
2023-09-24 09:18:09,157 DEBUG   SenderThread:22399 [sender.py:send_request():406] send_request: stop_status
2023-09-24 09:18:09,705 INFO    Thread-12 :22399 [dir_watcher.py:_on_file_modified():288] file/dir modified: /root/autodl-tmp/msc_ml/llm_thought/Evaluation/wandb/run-20230924_091646-1rkn2p53/files/output.log
2023-09-24 09:18:10,621 DEBUG   HandlerThread:22399 [handler.py:handle_request():144] handle_request: status_report
2023-09-24 09:18:11,705 INFO    Thread-12 :22399 [dir_watcher.py:_on_file_modified():288] file/dir modified: /root/autodl-tmp/msc_ml/llm_thought/Evaluation/wandb/run-20230924_091646-1rkn2p53/files/output.log
2023-09-24 09:18:13,706 INFO    Thread-12 :22399 [dir_watcher.py:_on_file_modified():288] file/dir modified: /root/autodl-tmp/msc_ml/llm_thought/Evaluation/wandb/run-20230924_091646-1rkn2p53/files/output.log
2023-09-24 09:18:14,256 DEBUG   HandlerThread:22399 [handler.py:handle_request():144] handle_request: partial_history
2023-09-24 09:18:15,707 INFO    Thread-12 :22399 [dir_watcher.py:_on_file_modified():288] file/dir modified: /root/autodl-tmp/msc_ml/llm_thought/Evaluation/wandb/run-20230924_091646-1rkn2p53/files/output.log
2023-09-24 09:18:16,259 DEBUG   HandlerThread:22399 [handler.py:handle_request():144] handle_request: status_report
2023-09-24 09:18:16,707 INFO    Thread-12 :22399 [dir_watcher.py:_on_file_modified():288] file/dir modified: /root/autodl-tmp/msc_ml/llm_thought/Evaluation/wandb/run-20230924_091646-1rkn2p53/files/output.log
2023-09-24 09:18:20,840 DEBUG   SenderThread:22399 [sender.py:send():379] send: stats
2023-09-24 09:18:21,841 DEBUG   HandlerThread:22399 [handler.py:handle_request():144] handle_request: status_report
2023-09-24 09:18:24,156 DEBUG   HandlerThread:22399 [handler.py:handle_request():144] handle_request: stop_status
2023-09-24 09:18:24,157 DEBUG   SenderThread:22399 [sender.py:send_request():406] send_request: stop_status
2023-09-24 09:18:24,710 INFO    Thread-12 :22399 [dir_watcher.py:_on_file_modified():288] file/dir modified: /root/autodl-tmp/msc_ml/llm_thought/Evaluation/wandb/run-20230924_091646-1rkn2p53/files/output.log
2023-09-24 09:18:25,710 INFO    Thread-12 :22399 [dir_watcher.py:_on_file_modified():288] file/dir modified: /root/autodl-tmp/msc_ml/llm_thought/Evaluation/wandb/run-20230924_091646-1rkn2p53/files/output.log
2023-09-24 09:18:27,142 DEBUG   HandlerThread:22399 [handler.py:handle_request():144] handle_request: status_report
2023-09-24 09:18:32,143 DEBUG   HandlerThread:22399 [handler.py:handle_request():144] handle_request: status_report
2023-09-24 09:18:37,143 DEBUG   HandlerThread:22399 [handler.py:handle_request():144] handle_request: status_report
2023-09-24 09:18:42,144 DEBUG   HandlerThread:22399 [handler.py:handle_request():144] handle_request: status_report
2023-09-24 09:18:47,145 DEBUG   HandlerThread:22399 [handler.py:handle_request():144] handle_request: status_report
2023-09-24 09:18:50,841 DEBUG   SenderThread:22399 [sender.py:send():379] send: stats
2023-09-24 09:18:52,842 DEBUG   HandlerThread:22399 [handler.py:handle_request():144] handle_request: status_report
2023-09-24 09:18:57,844 DEBUG   HandlerThread:22399 [handler.py:handle_request():144] handle_request: status_report
2023-09-24 09:19:02,845 DEBUG   HandlerThread:22399 [handler.py:handle_request():144] handle_request: status_report
2023-09-24 09:19:07,846 DEBUG   HandlerThread:22399 [handler.py:handle_request():144] handle_request: status_report
2023-09-24 09:19:12,847 DEBUG   HandlerThread:22399 [handler.py:handle_request():144] handle_request: status_report
2023-09-24 09:19:17,848 DEBUG   HandlerThread:22399 [handler.py:handle_request():144] handle_request: status_report
2023-09-24 09:19:20,842 DEBUG   SenderThread:22399 [sender.py:send():379] send: stats
2023-09-24 09:19:23,843 DEBUG   HandlerThread:22399 [handler.py:handle_request():144] handle_request: status_report
2023-09-24 09:19:28,844 DEBUG   HandlerThread:22399 [handler.py:handle_request():144] handle_request: status_report
2023-09-24 09:19:33,845 DEBUG   HandlerThread:22399 [handler.py:handle_request():144] handle_request: status_report
2023-09-24 09:19:38,846 DEBUG   HandlerThread:22399 [handler.py:handle_request():144] handle_request: status_report
2023-09-24 09:19:43,847 DEBUG   HandlerThread:22399 [handler.py:handle_request():144] handle_request: status_report
2023-09-24 09:19:48,848 DEBUG   HandlerThread:22399 [handler.py:handle_request():144] handle_request: status_report
2023-09-24 09:19:50,843 DEBUG   SenderThread:22399 [sender.py:send():379] send: stats
2023-09-24 09:19:54,845 DEBUG   HandlerThread:22399 [handler.py:handle_request():144] handle_request: status_report
2023-09-24 09:19:59,846 DEBUG   HandlerThread:22399 [handler.py:handle_request():144] handle_request: status_report
2023-09-24 09:20:04,846 DEBUG   HandlerThread:22399 [handler.py:handle_request():144] handle_request: status_report
2023-09-24 09:20:09,847 DEBUG   HandlerThread:22399 [handler.py:handle_request():144] handle_request: status_report
2023-09-24 09:20:14,848 DEBUG   HandlerThread:22399 [handler.py:handle_request():144] handle_request: status_report
2023-09-24 09:20:19,850 DEBUG   HandlerThread:22399 [handler.py:handle_request():144] handle_request: status_report
2023-09-24 09:20:20,845 DEBUG   SenderThread:22399 [sender.py:send():379] send: stats
2023-09-24 09:20:25,847 DEBUG   HandlerThread:22399 [handler.py:handle_request():144] handle_request: status_report
2023-09-24 09:20:30,847 DEBUG   HandlerThread:22399 [handler.py:handle_request():144] handle_request: status_report
2023-09-24 09:20:35,848 DEBUG   HandlerThread:22399 [handler.py:handle_request():144] handle_request: status_report
2023-09-24 09:20:40,849 DEBUG   HandlerThread:22399 [handler.py:handle_request():144] handle_request: status_report
2023-09-24 09:20:45,850 DEBUG   HandlerThread:22399 [handler.py:handle_request():144] handle_request: status_report
2023-09-24 09:20:50,846 DEBUG   SenderThread:22399 [sender.py:send():379] send: stats
2023-09-24 09:20:51,847 DEBUG   HandlerThread:22399 [handler.py:handle_request():144] handle_request: status_report
2023-09-24 09:20:56,848 DEBUG   HandlerThread:22399 [handler.py:handle_request():144] handle_request: status_report
2023-09-24 09:21:01,848 DEBUG   HandlerThread:22399 [handler.py:handle_request():144] handle_request: status_report
2023-09-24 09:21:06,849 DEBUG   HandlerThread:22399 [handler.py:handle_request():144] handle_request: status_report
2023-09-24 09:21:11,850 DEBUG   HandlerThread:22399 [handler.py:handle_request():144] handle_request: status_report
2023-09-24 09:21:16,851 DEBUG   HandlerThread:22399 [handler.py:handle_request():144] handle_request: status_report
2023-09-24 09:21:20,847 DEBUG   SenderThread:22399 [sender.py:send():379] send: stats
2023-09-24 09:21:22,848 DEBUG   HandlerThread:22399 [handler.py:handle_request():144] handle_request: status_report
2023-09-24 09:21:27,849 DEBUG   HandlerThread:22399 [handler.py:handle_request():144] handle_request: status_report
2023-09-24 09:21:32,850 DEBUG   HandlerThread:22399 [handler.py:handle_request():144] handle_request: status_report
2023-09-24 09:21:37,851 DEBUG   HandlerThread:22399 [handler.py:handle_request():144] handle_request: status_report
2023-09-24 09:21:42,851 DEBUG   HandlerThread:22399 [handler.py:handle_request():144] handle_request: status_report
2023-09-24 09:21:47,852 DEBUG   HandlerThread:22399 [handler.py:handle_request():144] handle_request: status_report
2023-09-24 09:21:50,850 DEBUG   SenderThread:22399 [sender.py:send():379] send: stats
2023-09-24 09:21:53,852 DEBUG   HandlerThread:22399 [handler.py:handle_request():144] handle_request: status_report
2023-09-24 09:21:58,853 DEBUG   HandlerThread:22399 [handler.py:handle_request():144] handle_request: status_report
2023-09-24 09:22:03,854 DEBUG   HandlerThread:22399 [handler.py:handle_request():144] handle_request: status_report
2023-09-24 09:22:08,854 DEBUG   HandlerThread:22399 [handler.py:handle_request():144] handle_request: status_report
2023-09-24 09:22:13,855 DEBUG   HandlerThread:22399 [handler.py:handle_request():144] handle_request: status_report
2023-09-24 09:22:18,856 DEBUG   HandlerThread:22399 [handler.py:handle_request():144] handle_request: status_report
2023-09-24 09:22:20,849 DEBUG   SenderThread:22399 [sender.py:send():379] send: stats
2023-09-24 09:22:24,851 DEBUG   HandlerThread:22399 [handler.py:handle_request():144] handle_request: status_report
2023-09-24 09:22:29,852 DEBUG   HandlerThread:22399 [handler.py:handle_request():144] handle_request: status_report
2023-09-24 09:22:34,852 DEBUG   HandlerThread:22399 [handler.py:handle_request():144] handle_request: status_report
2023-09-24 09:22:39,853 DEBUG   HandlerThread:22399 [handler.py:handle_request():144] handle_request: status_report
2023-09-24 09:22:44,854 DEBUG   HandlerThread:22399 [handler.py:handle_request():144] handle_request: status_report
2023-09-24 09:22:49,855 DEBUG   HandlerThread:22399 [handler.py:handle_request():144] handle_request: status_report
2023-09-24 09:22:50,850 DEBUG   SenderThread:22399 [sender.py:send():379] send: stats
2023-09-24 09:22:55,852 DEBUG   HandlerThread:22399 [handler.py:handle_request():144] handle_request: status_report
2023-09-24 09:23:00,853 DEBUG   HandlerThread:22399 [handler.py:handle_request():144] handle_request: status_report
2023-09-24 09:23:05,853 DEBUG   HandlerThread:22399 [handler.py:handle_request():144] handle_request: status_report
2023-09-24 09:23:10,854 DEBUG   HandlerThread:22399 [handler.py:handle_request():144] handle_request: status_report
2023-09-24 09:23:15,855 DEBUG   HandlerThread:22399 [handler.py:handle_request():144] handle_request: status_report
2023-09-24 09:23:20,851 DEBUG   SenderThread:22399 [sender.py:send():379] send: stats
2023-09-24 09:23:21,852 DEBUG   HandlerThread:22399 [handler.py:handle_request():144] handle_request: status_report
2023-09-24 09:23:26,853 DEBUG   HandlerThread:22399 [handler.py:handle_request():144] handle_request: status_report
2023-09-24 09:23:28,678 ERROR   wandb-upload_0:22399 [internal_api.py:upload_file():2496] upload_file exception https://storage.googleapis.com/wandb-production.appspot.com/ucl_2023_com00087/trlx/1rkn2p53/wandb-metadata.json?Expires=1695604615&GoogleAccessId=gorilla-files-url-signer-man%40wandb-production.iam.gserviceaccount.com&Signature=tS870zTXSAXVFm5Q2gDHmi%2BefSabJp%2Fkbt8PvM5hZ07AVEehL0Iv9J4P4W1TDSjy2yG8gn2r7H4o1ek7T8SKou6YZUug4sCzKI43tByAMnkzKeWRspF6oq1tp5IgRE6YbCZzg9MJaPf3kOfy7SM1AeCUaqhFC1vWCUtL7P18uptKiOuJeLcI9Z9UuN5wOREDyosYbiI718Vd5TmhfFifvmZ6ApynCuGDQh%2BgiF1fHQQCV%2BA%2Bj05jim1QICMWh5DV8FDnBDPxkehSHZDgp%2BjPAi%2FOb%2B9A3zUSw6hkGV%2B5YxyMn9%2Bu6qdNbpSJwcUhx4Ye1nalCeVWYKEd8BFqRf7gbA%3D%3D: HTTPSConnectionPool(host='storage.googleapis.com', port=443): Max retries exceeded with url: /wandb-production.appspot.com/ucl_2023_com00087/trlx/1rkn2p53/wandb-metadata.json?Expires=1695604615&GoogleAccessId=gorilla-files-url-signer-man%40wandb-production.iam.gserviceaccount.com&Signature=tS870zTXSAXVFm5Q2gDHmi%2BefSabJp%2Fkbt8PvM5hZ07AVEehL0Iv9J4P4W1TDSjy2yG8gn2r7H4o1ek7T8SKou6YZUug4sCzKI43tByAMnkzKeWRspF6oq1tp5IgRE6YbCZzg9MJaPf3kOfy7SM1AeCUaqhFC1vWCUtL7P18uptKiOuJeLcI9Z9UuN5wOREDyosYbiI718Vd5TmhfFifvmZ6ApynCuGDQh%2BgiF1fHQQCV%2BA%2Bj05jim1QICMWh5DV8FDnBDPxkehSHZDgp%2BjPAi%2FOb%2B9A3zUSw6hkGV%2B5YxyMn9%2Bu6qdNbpSJwcUhx4Ye1nalCeVWYKEd8BFqRf7gbA%3D%3D (Caused by NewConnectionError('<urllib3.connection.HTTPSConnection object at 0x7f8b7129f5e0>: Failed to establish a new connection: [Errno 110] Connection timed out'))
2023-09-24 09:23:28,678 ERROR   wandb-upload_0:22399 [internal_api.py:upload_file():2498] upload_file request headers: {'User-Agent': 'python-requests/2.31.0', 'Accept-Encoding': 'gzip, deflate, br', 'Accept': '*/*', 'Connection': 'keep-alive', 'Content-Length': '9671'}
2023-09-24 09:23:28,678 ERROR   wandb-upload_0:22399 [internal_api.py:upload_file():2500] upload_file response body: 
2023-09-24 09:23:31,367 ERROR   wandb-upload_0:22399 [internal_api.py:upload_file():2496] upload_file exception https://storage.googleapis.com/wandb-production.appspot.com/ucl_2023_com00087/trlx/1rkn2p53/wandb-metadata.json?Expires=1695604615&GoogleAccessId=gorilla-files-url-signer-man%40wandb-production.iam.gserviceaccount.com&Signature=tS870zTXSAXVFm5Q2gDHmi%2BefSabJp%2Fkbt8PvM5hZ07AVEehL0Iv9J4P4W1TDSjy2yG8gn2r7H4o1ek7T8SKou6YZUug4sCzKI43tByAMnkzKeWRspF6oq1tp5IgRE6YbCZzg9MJaPf3kOfy7SM1AeCUaqhFC1vWCUtL7P18uptKiOuJeLcI9Z9UuN5wOREDyosYbiI718Vd5TmhfFifvmZ6ApynCuGDQh%2BgiF1fHQQCV%2BA%2Bj05jim1QICMWh5DV8FDnBDPxkehSHZDgp%2BjPAi%2FOb%2B9A3zUSw6hkGV%2B5YxyMn9%2Bu6qdNbpSJwcUhx4Ye1nalCeVWYKEd8BFqRf7gbA%3D%3D: ('Connection aborted.', ConnectionResetError(104, 'Connection reset by peer'))
2023-09-24 09:23:31,367 ERROR   wandb-upload_0:22399 [internal_api.py:upload_file():2498] upload_file request headers: {'User-Agent': 'python-requests/2.31.0', 'Accept-Encoding': 'gzip, deflate, br', 'Accept': '*/*', 'Connection': 'keep-alive', 'Content-Length': '9671'}
2023-09-24 09:23:31,367 ERROR   wandb-upload_0:22399 [internal_api.py:upload_file():2500] upload_file response body: 
2023-09-24 09:23:31,367 INFO    wandb-upload_0:22399 [retry.py:__call__():172] Retry attempt failed:
Traceback (most recent call last):
  File "/root/miniconda3/lib/python3.8/site-packages/urllib3/connectionpool.py", line 790, in urlopen
    response = self._make_request(
  File "/root/miniconda3/lib/python3.8/site-packages/urllib3/connectionpool.py", line 491, in _make_request
    raise new_e
  File "/root/miniconda3/lib/python3.8/site-packages/urllib3/connectionpool.py", line 467, in _make_request
    self._validate_conn(conn)
  File "/root/miniconda3/lib/python3.8/site-packages/urllib3/connectionpool.py", line 1092, in _validate_conn
    conn.connect()
  File "/root/miniconda3/lib/python3.8/site-packages/urllib3/connection.py", line 642, in connect
    sock_and_verified = _ssl_wrap_socket_and_match_hostname(
  File "/root/miniconda3/lib/python3.8/site-packages/urllib3/connection.py", line 783, in _ssl_wrap_socket_and_match_hostname
    ssl_sock = ssl_wrap_socket(
  File "/root/miniconda3/lib/python3.8/site-packages/urllib3/util/ssl_.py", line 469, in ssl_wrap_socket
    ssl_sock = _ssl_wrap_socket_impl(sock, context, tls_in_tls, server_hostname)
  File "/root/miniconda3/lib/python3.8/site-packages/urllib3/util/ssl_.py", line 513, in _ssl_wrap_socket_impl
    return ssl_context.wrap_socket(sock, server_hostname=server_hostname)
  File "/root/miniconda3/lib/python3.8/ssl.py", line 500, in wrap_socket
    return self.sslsocket_class._create(
  File "/root/miniconda3/lib/python3.8/ssl.py", line 1040, in _create
    self.do_handshake()
  File "/root/miniconda3/lib/python3.8/ssl.py", line 1309, in do_handshake
    self._sslobj.do_handshake()
ConnectionResetError: [Errno 104] Connection reset by peer

During handling of the above exception, another exception occurred:

Traceback (most recent call last):
  File "/root/miniconda3/lib/python3.8/site-packages/requests/adapters.py", line 486, in send
    resp = conn.urlopen(
  File "/root/miniconda3/lib/python3.8/site-packages/urllib3/connectionpool.py", line 844, in urlopen
    retries = retries.increment(
  File "/root/miniconda3/lib/python3.8/site-packages/urllib3/util/retry.py", line 470, in increment
    raise reraise(type(error), error, _stacktrace)
  File "/root/miniconda3/lib/python3.8/site-packages/urllib3/util/util.py", line 38, in reraise
    raise value.with_traceback(tb)
  File "/root/miniconda3/lib/python3.8/site-packages/urllib3/connectionpool.py", line 790, in urlopen
    response = self._make_request(
  File "/root/miniconda3/lib/python3.8/site-packages/urllib3/connectionpool.py", line 491, in _make_request
    raise new_e
  File "/root/miniconda3/lib/python3.8/site-packages/urllib3/connectionpool.py", line 467, in _make_request
    self._validate_conn(conn)
  File "/root/miniconda3/lib/python3.8/site-packages/urllib3/connectionpool.py", line 1092, in _validate_conn
    conn.connect()
  File "/root/miniconda3/lib/python3.8/site-packages/urllib3/connection.py", line 642, in connect
    sock_and_verified = _ssl_wrap_socket_and_match_hostname(
  File "/root/miniconda3/lib/python3.8/site-packages/urllib3/connection.py", line 783, in _ssl_wrap_socket_and_match_hostname
    ssl_sock = ssl_wrap_socket(
  File "/root/miniconda3/lib/python3.8/site-packages/urllib3/util/ssl_.py", line 469, in ssl_wrap_socket
    ssl_sock = _ssl_wrap_socket_impl(sock, context, tls_in_tls, server_hostname)
  File "/root/miniconda3/lib/python3.8/site-packages/urllib3/util/ssl_.py", line 513, in _ssl_wrap_socket_impl
    return ssl_context.wrap_socket(sock, server_hostname=server_hostname)
  File "/root/miniconda3/lib/python3.8/ssl.py", line 500, in wrap_socket
    return self.sslsocket_class._create(
  File "/root/miniconda3/lib/python3.8/ssl.py", line 1040, in _create
    self.do_handshake()
  File "/root/miniconda3/lib/python3.8/ssl.py", line 1309, in do_handshake
    self._sslobj.do_handshake()
urllib3.exceptions.ProtocolError: ('Connection aborted.', ConnectionResetError(104, 'Connection reset by peer'))

During handling of the above exception, another exception occurred:

Traceback (most recent call last):
  File "/root/miniconda3/lib/python3.8/site-packages/wandb/sdk/internal/internal_api.py", line 2491, in upload_file
    response = self._upload_file_session.put(
  File "/root/miniconda3/lib/python3.8/site-packages/requests/sessions.py", line 649, in put
    return self.request("PUT", url, data=data, **kwargs)
  File "/root/miniconda3/lib/python3.8/site-packages/requests/sessions.py", line 589, in request
    resp = self.send(prep, **send_kwargs)
  File "/root/miniconda3/lib/python3.8/site-packages/requests/sessions.py", line 703, in send
    r = adapter.send(request, **kwargs)
  File "/root/miniconda3/lib/python3.8/site-packages/requests/adapters.py", line 501, in send
    raise ConnectionError(err, request=request)
requests.exceptions.ConnectionError: ('Connection aborted.', ConnectionResetError(104, 'Connection reset by peer'))

During handling of the above exception, another exception occurred:

Traceback (most recent call last):
  File "/root/miniconda3/lib/python3.8/site-packages/wandb/sdk/lib/retry.py", line 131, in __call__
    result = self._call_fn(*args, **kwargs)
  File "/root/miniconda3/lib/python3.8/site-packages/wandb/sdk/internal/internal_api.py", line 2520, in upload_file
    raise _e.with_traceback(sys.exc_info()[2])
  File "/root/miniconda3/lib/python3.8/site-packages/wandb/sdk/internal/internal_api.py", line 2491, in upload_file
    response = self._upload_file_session.put(
  File "/root/miniconda3/lib/python3.8/site-packages/requests/sessions.py", line 649, in put
    return self.request("PUT", url, data=data, **kwargs)
  File "/root/miniconda3/lib/python3.8/site-packages/requests/sessions.py", line 589, in request
    resp = self.send(prep, **send_kwargs)
  File "/root/miniconda3/lib/python3.8/site-packages/requests/sessions.py", line 703, in send
    r = adapter.send(request, **kwargs)
  File "/root/miniconda3/lib/python3.8/site-packages/requests/adapters.py", line 501, in send
    raise ConnectionError(err, request=request)
wandb.sdk.lib.retry.TransientError: None
2023-09-24 09:23:31,854 DEBUG   HandlerThread:22399 [handler.py:handle_request():144] handle_request: status_report
2023-09-24 09:23:36,406 ERROR   wandb-upload_0:22399 [internal_api.py:upload_file():2496] upload_file exception https://storage.googleapis.com/wandb-production.appspot.com/ucl_2023_com00087/trlx/1rkn2p53/wandb-metadata.json?Expires=1695604615&GoogleAccessId=gorilla-files-url-signer-man%40wandb-production.iam.gserviceaccount.com&Signature=tS870zTXSAXVFm5Q2gDHmi%2BefSabJp%2Fkbt8PvM5hZ07AVEehL0Iv9J4P4W1TDSjy2yG8gn2r7H4o1ek7T8SKou6YZUug4sCzKI43tByAMnkzKeWRspF6oq1tp5IgRE6YbCZzg9MJaPf3kOfy7SM1AeCUaqhFC1vWCUtL7P18uptKiOuJeLcI9Z9UuN5wOREDyosYbiI718Vd5TmhfFifvmZ6ApynCuGDQh%2BgiF1fHQQCV%2BA%2Bj05jim1QICMWh5DV8FDnBDPxkehSHZDgp%2BjPAi%2FOb%2B9A3zUSw6hkGV%2B5YxyMn9%2Bu6qdNbpSJwcUhx4Ye1nalCeVWYKEd8BFqRf7gbA%3D%3D: ('Connection aborted.', ConnectionResetError(104, 'Connection reset by peer'))
2023-09-24 09:23:36,406 ERROR   wandb-upload_0:22399 [internal_api.py:upload_file():2498] upload_file request headers: {'User-Agent': 'python-requests/2.31.0', 'Accept-Encoding': 'gzip, deflate, br', 'Accept': '*/*', 'Connection': 'keep-alive', 'Content-Length': '9671'}
2023-09-24 09:23:36,406 ERROR   wandb-upload_0:22399 [internal_api.py:upload_file():2500] upload_file response body: 
2023-09-24 09:23:36,855 DEBUG   HandlerThread:22399 [handler.py:handle_request():144] handle_request: status_report
2023-09-24 09:23:41,856 DEBUG   HandlerThread:22399 [handler.py:handle_request():144] handle_request: status_report
2023-09-24 09:23:46,378 ERROR   wandb-upload_0:22399 [internal_api.py:upload_file():2496] upload_file exception https://storage.googleapis.com/wandb-production.appspot.com/ucl_2023_com00087/trlx/1rkn2p53/wandb-metadata.json?Expires=1695604615&GoogleAccessId=gorilla-files-url-signer-man%40wandb-production.iam.gserviceaccount.com&Signature=tS870zTXSAXVFm5Q2gDHmi%2BefSabJp%2Fkbt8PvM5hZ07AVEehL0Iv9J4P4W1TDSjy2yG8gn2r7H4o1ek7T8SKou6YZUug4sCzKI43tByAMnkzKeWRspF6oq1tp5IgRE6YbCZzg9MJaPf3kOfy7SM1AeCUaqhFC1vWCUtL7P18uptKiOuJeLcI9Z9UuN5wOREDyosYbiI718Vd5TmhfFifvmZ6ApynCuGDQh%2BgiF1fHQQCV%2BA%2Bj05jim1QICMWh5DV8FDnBDPxkehSHZDgp%2BjPAi%2FOb%2B9A3zUSw6hkGV%2B5YxyMn9%2Bu6qdNbpSJwcUhx4Ye1nalCeVWYKEd8BFqRf7gbA%3D%3D: ('Connection aborted.', ConnectionResetError(104, 'Connection reset by peer'))
2023-09-24 09:23:46,378 ERROR   wandb-upload_0:22399 [internal_api.py:upload_file():2498] upload_file request headers: {'User-Agent': 'python-requests/2.31.0', 'Accept-Encoding': 'gzip, deflate, br', 'Accept': '*/*', 'Connection': 'keep-alive', 'Content-Length': '9671'}
2023-09-24 09:23:46,378 ERROR   wandb-upload_0:22399 [internal_api.py:upload_file():2500] upload_file response body: 
2023-09-24 09:23:46,856 DEBUG   HandlerThread:22399 [handler.py:handle_request():144] handle_request: status_report
2023-09-24 09:23:50,852 DEBUG   SenderThread:22399 [sender.py:send():379] send: stats
2023-09-24 09:23:52,854 DEBUG   HandlerThread:22399 [handler.py:handle_request():144] handle_request: status_report
2023-09-24 09:23:57,854 DEBUG   HandlerThread:22399 [handler.py:handle_request():144] handle_request: status_report
2023-09-24 09:24:02,855 DEBUG   HandlerThread:22399 [handler.py:handle_request():144] handle_request: status_report
2023-09-24 09:24:04,384 ERROR   wandb-upload_0:22399 [internal_api.py:upload_file():2496] upload_file exception https://storage.googleapis.com/wandb-production.appspot.com/ucl_2023_com00087/trlx/1rkn2p53/wandb-metadata.json?Expires=1695604615&GoogleAccessId=gorilla-files-url-signer-man%40wandb-production.iam.gserviceaccount.com&Signature=tS870zTXSAXVFm5Q2gDHmi%2BefSabJp%2Fkbt8PvM5hZ07AVEehL0Iv9J4P4W1TDSjy2yG8gn2r7H4o1ek7T8SKou6YZUug4sCzKI43tByAMnkzKeWRspF6oq1tp5IgRE6YbCZzg9MJaPf3kOfy7SM1AeCUaqhFC1vWCUtL7P18uptKiOuJeLcI9Z9UuN5wOREDyosYbiI718Vd5TmhfFifvmZ6ApynCuGDQh%2BgiF1fHQQCV%2BA%2Bj05jim1QICMWh5DV8FDnBDPxkehSHZDgp%2BjPAi%2FOb%2B9A3zUSw6hkGV%2B5YxyMn9%2Bu6qdNbpSJwcUhx4Ye1nalCeVWYKEd8BFqRf7gbA%3D%3D: ('Connection aborted.', ConnectionResetError(104, 'Connection reset by peer'))
2023-09-24 09:24:04,384 ERROR   wandb-upload_0:22399 [internal_api.py:upload_file():2498] upload_file request headers: {'User-Agent': 'python-requests/2.31.0', 'Accept-Encoding': 'gzip, deflate, br', 'Accept': '*/*', 'Connection': 'keep-alive', 'Content-Length': '9671'}
2023-09-24 09:24:04,384 ERROR   wandb-upload_0:22399 [internal_api.py:upload_file():2500] upload_file response body: 
2023-09-24 09:24:07,856 DEBUG   HandlerThread:22399 [handler.py:handle_request():144] handle_request: status_report
2023-09-24 09:24:12,857 DEBUG   HandlerThread:22399 [handler.py:handle_request():144] handle_request: status_report
2023-09-24 09:24:17,858 DEBUG   HandlerThread:22399 [handler.py:handle_request():144] handle_request: status_report
2023-09-24 09:24:20,853 DEBUG   SenderThread:22399 [sender.py:send():379] send: stats
2023-09-24 09:24:23,855 DEBUG   HandlerThread:22399 [handler.py:handle_request():144] handle_request: status_report
2023-09-24 09:24:28,856 DEBUG   HandlerThread:22399 [handler.py:handle_request():144] handle_request: status_report
2023-09-24 09:24:33,856 DEBUG   HandlerThread:22399 [handler.py:handle_request():144] handle_request: status_report
2023-09-24 09:24:38,857 DEBUG   HandlerThread:22399 [handler.py:handle_request():144] handle_request: status_report
2023-09-24 09:24:43,858 DEBUG   HandlerThread:22399 [handler.py:handle_request():144] handle_request: status_report
2023-09-24 09:24:48,859 DEBUG   HandlerThread:22399 [handler.py:handle_request():144] handle_request: status_report
2023-09-24 09:24:50,855 DEBUG   SenderThread:22399 [sender.py:send():379] send: stats
2023-09-24 09:24:54,856 DEBUG   HandlerThread:22399 [handler.py:handle_request():144] handle_request: status_report
2023-09-24 09:24:59,857 DEBUG   HandlerThread:22399 [handler.py:handle_request():144] handle_request: status_report
2023-09-24 09:25:04,858 DEBUG   HandlerThread:22399 [handler.py:handle_request():144] handle_request: status_report
2023-09-24 09:25:09,858 DEBUG   HandlerThread:22399 [handler.py:handle_request():144] handle_request: status_report
2023-09-24 09:25:14,859 DEBUG   HandlerThread:22399 [handler.py:handle_request():144] handle_request: status_report
2023-09-24 09:25:19,860 DEBUG   HandlerThread:22399 [handler.py:handle_request():144] handle_request: status_report
2023-09-24 09:25:20,856 DEBUG   SenderThread:22399 [sender.py:send():379] send: stats
2023-09-24 09:25:25,857 DEBUG   HandlerThread:22399 [handler.py:handle_request():144] handle_request: status_report
2023-09-24 09:25:30,858 DEBUG   HandlerThread:22399 [handler.py:handle_request():144] handle_request: status_report
2023-09-24 09:25:35,515 INFO    cpu       :22399 [interfaces.py:monitor():140] Process cpu has exited.
2023-09-24 09:25:35,516 DEBUG   SystemMonitor:22399 [system_monitor.py:_start():166] Finished system metrics aggregation loop
2023-09-24 09:25:35,516 DEBUG   SystemMonitor:22399 [system_monitor.py:_start():170] Publishing last batch of metrics
2023-09-24 09:25:35,518 DEBUG   SenderThread:22399 [sender.py:send():379] send: stats
2023-09-24 09:25:36,233 WARNING StreamThr :22399 [internal.py:is_dead():414] Internal process exiting, parent pid 21670 disappeared
2023-09-24 09:25:36,233 ERROR   StreamThr :22399 [internal.py:wandb_internal():152] Internal process shutdown.
2023-09-24 09:25:36,517 INFO    HandlerThread:22399 [handler.py:finish():857] shutting down handler
2023-09-24 09:25:36,517 INFO    HandlerThread:22399 [system_monitor.py:finish():190] Stopping system monitor
2023-09-24 09:25:36,517 INFO    HandlerThread:22399 [interfaces.py:finish():202] Joined cpu monitor
2023-09-24 09:25:36,517 INFO    HandlerThread:22399 [interfaces.py:finish():202] Joined disk monitor
2023-09-24 09:25:36,517 INFO    HandlerThread:22399 [interfaces.py:finish():202] Joined gpu monitor
2023-09-24 09:25:36,518 INFO    HandlerThread:22399 [interfaces.py:finish():202] Joined memory monitor
2023-09-24 09:25:36,518 INFO    HandlerThread:22399 [interfaces.py:finish():202] Joined network monitor
2023-09-24 09:25:36,518 INFO    WriterThread:22399 [datastore.py:close():294] close: /root/autodl-tmp/msc_ml/llm_thought/Evaluation/wandb/run-20230924_091646-1rkn2p53/run-1rkn2p53.wandb
2023-09-24 09:25:36,518 INFO    SenderThread:22399 [sender.py:finish():1552] shutting down sender
2023-09-24 09:25:36,970 INFO    MainThread:22399 [internal.py:handle_exit():76] Internal process exited
2023-09-24 09:25:38,886 INFO    SenderThread:22399 [dir_watcher.py:finish():358] shutting down directory watcher
2023-09-24 09:25:39,783 INFO    SenderThread:22399 [dir_watcher.py:_on_file_modified():288] file/dir modified: /root/autodl-tmp/msc_ml/llm_thought/Evaluation/wandb/run-20230924_091646-1rkn2p53/files/output.log
2023-09-24 09:25:39,784 INFO    SenderThread:22399 [dir_watcher.py:finish():388] scan: /root/autodl-tmp/msc_ml/llm_thought/Evaluation/wandb/run-20230924_091646-1rkn2p53/files
2023-09-24 09:25:39,784 INFO    SenderThread:22399 [dir_watcher.py:finish():402] scan save: /root/autodl-tmp/msc_ml/llm_thought/Evaluation/wandb/run-20230924_091646-1rkn2p53/files/config.yaml config.yaml
2023-09-24 09:25:39,784 INFO    SenderThread:22399 [dir_watcher.py:finish():402] scan save: /root/autodl-tmp/msc_ml/llm_thought/Evaluation/wandb/run-20230924_091646-1rkn2p53/files/wandb-summary.json wandb-summary.json
2023-09-24 09:25:39,784 INFO    SenderThread:22399 [dir_watcher.py:finish():402] scan save: /root/autodl-tmp/msc_ml/llm_thought/Evaluation/wandb/run-20230924_091646-1rkn2p53/files/requirements.txt requirements.txt
2023-09-24 09:25:39,784 INFO    SenderThread:22399 [dir_watcher.py:finish():402] scan save: /root/autodl-tmp/msc_ml/llm_thought/Evaluation/wandb/run-20230924_091646-1rkn2p53/files/conda-environment.yaml conda-environment.yaml
2023-09-24 09:25:39,784 INFO    SenderThread:22399 [dir_watcher.py:finish():402] scan save: /root/autodl-tmp/msc_ml/llm_thought/Evaluation/wandb/run-20230924_091646-1rkn2p53/files/wandb-metadata.json wandb-metadata.json
2023-09-24 09:25:39,785 INFO    SenderThread:22399 [dir_watcher.py:finish():402] scan save: /root/autodl-tmp/msc_ml/llm_thought/Evaluation/wandb/run-20230924_091646-1rkn2p53/files/output.log output.log
2023-09-24 09:25:39,785 INFO    SenderThread:22399 [file_pusher.py:finish():159] shutting down file pusher
2023-09-24 09:25:39,785 INFO    SenderThread:22399 [file_pusher.py:join():164] waiting for file pusher
2023-09-24 09:25:40,286 INFO    SenderThread:22399 [file_stream.py:finish():593] file stream finish called
2023-09-24 09:25:41,535 INFO    SenderThread:22399 [file_stream.py:finish():597] file stream finish is done
