2023-10-02 07:17:01 INFO open for scan: /root/autodl-tmp/msc_ml/llm_thought/Train/flan_t5/wandb/offline-run-20231002_035905-kdlxg969/run-kdlxg969.wandb
2023-10-02 07:17:02 INFO watching files in: /root/autodl-tmp/msc_ml/llm_thought/Train/flan_t5/wandb/offline-run-20231002_035905-kdlxg969/files
2023-10-02 07:17:02 INFO run started: kdlxg969 with start time 1696190345.480155
2023-10-02 07:17:02 INFO saving file wandb-metadata.json with policy now
2023-10-02 07:17:02 ERROR upload_file exception https://storage.googleapis.com/wandb-production.appspot.com/ucl_2023_com00087/trlx/kdlxg969/wandb-metadata.json?Expires=1696288622&GoogleAccessId=gorilla-files-url-signer-man%40wandb-production.iam.gserviceaccount.com&Signature=CWXDjmOrHrQHjIMLrwn4UPjlkGwCHASGGVlTMSJLY%2BdhTARADM6s7GmwYQsUN5K0lvgYZsW8FtgmbyC0KL2zLX2sI3Czfv8U2OkXulYTO7UJFcFxhl9kmPrN1fpbyltZVtY5xfJsMGI3SqCJy2Zx7SieYWwo9I5rE5CWO%2FgF%2Bj9OoxnUBCCjau01Gr%2BKMdCiCeWaA9M9j7AlhmMFxPw%2F7yU9P92MlYdc3qPMsPuMAiLa3Zn6nk2JH9dXxwT6NJ%2F1kN%2F54DiRj9c8NFXnCHDG8i7oi0zaYI6HmkfGe%2F%2F2HAIBa4Z9WlrqXTMrMY1vx%2FDx1yBuDCyDdFjmKSIicYIF7Q%3D%3D: HTTPSConnectionPool(host='storage.googleapis.com', port=443): Max retries exceeded with url: /wandb-production.appspot.com/ucl_2023_com00087/trlx/kdlxg969/wandb-metadata.json?Expires=1696288622&GoogleAccessId=gorilla-files-url-signer-man%40wandb-production.iam.gserviceaccount.com&Signature=CWXDjmOrHrQHjIMLrwn4UPjlkGwCHASGGVlTMSJLY%2BdhTARADM6s7GmwYQsUN5K0lvgYZsW8FtgmbyC0KL2zLX2sI3Czfv8U2OkXulYTO7UJFcFxhl9kmPrN1fpbyltZVtY5xfJsMGI3SqCJy2Zx7SieYWwo9I5rE5CWO%2FgF%2Bj9OoxnUBCCjau01Gr%2BKMdCiCeWaA9M9j7AlhmMFxPw%2F7yU9P92MlYdc3qPMsPuMAiLa3Zn6nk2JH9dXxwT6NJ%2F1kN%2F54DiRj9c8NFXnCHDG8i7oi0zaYI6HmkfGe%2F%2F2HAIBa4Z9WlrqXTMrMY1vx%2FDx1yBuDCyDdFjmKSIicYIF7Q%3D%3D (Caused by SSLError(SSLEOFError(8, 'EOF occurred in violation of protocol (_ssl.c:1131)')))
2023-10-02 07:17:02 ERROR upload_file request headers: {'User-Agent': 'python-requests/2.31.0', 'Accept-Encoding': 'gzip, deflate, br', 'Accept': '*/*', 'Connection': 'keep-alive', 'Content-Length': '9671'}
2023-10-02 07:17:02 ERROR upload_file response body: 
2023-10-02 07:17:03 INFO file/dir created: /root/autodl-tmp/msc_ml/llm_thought/Train/flan_t5/wandb/offline-run-20231002_035905-kdlxg969/files/output.log
2023-10-02 07:17:04 ERROR upload_file exception https://storage.googleapis.com/wandb-artifacts-prod/wandb_artifacts/103098043/591279694/0afe19457a736f4ede324294bb359f1e?Expires=1696288623&GoogleAccessId=gorilla-files-url-signer-man%40wandb-production.iam.gserviceaccount.com&Signature=kdseVixlKcNBKwsdBVdO%2BDQfSTntp03k2AExvUbQqV%2BEIGY2aMuD7jD5ovnwMpjRVqPt16Av%2FR3ve6cbb7z%2F6Dzmhx8cxooxhtpgvu%2BgEF3u7YUirpnxV8byJZoMBWvafP%2BnRG0pqxYKc%2BS%2BqFNHus6cGqriOYbX6Ct1%2B32%2BnfXRHcjnXEAUbKmIAMAkC6dAPKWfHZ7Rti6UNubywBMWsj3REURv9WnjRQkRetF0zR6zlgnZx0w0c9X2uctWHx4FnS7Dtlv81v7aKTUA8gbfqSFdm0R%2FQfCSBCewWJtTKjjAJHn%2FBH6EVkzw%2BHIyc8k%2BwkKxYzKvhx55I2U%2BPGfqfg%3D%3D: HTTPSConnectionPool(host='storage.googleapis.com', port=443): Max retries exceeded with url: /wandb-artifacts-prod/wandb_artifacts/103098043/591279694/0afe19457a736f4ede324294bb359f1e?Expires=1696288623&GoogleAccessId=gorilla-files-url-signer-man%40wandb-production.iam.gserviceaccount.com&Signature=kdseVixlKcNBKwsdBVdO%2BDQfSTntp03k2AExvUbQqV%2BEIGY2aMuD7jD5ovnwMpjRVqPt16Av%2FR3ve6cbb7z%2F6Dzmhx8cxooxhtpgvu%2BgEF3u7YUirpnxV8byJZoMBWvafP%2BnRG0pqxYKc%2BS%2BqFNHus6cGqriOYbX6Ct1%2B32%2BnfXRHcjnXEAUbKmIAMAkC6dAPKWfHZ7Rti6UNubywBMWsj3REURv9WnjRQkRetF0zR6zlgnZx0w0c9X2uctWHx4FnS7Dtlv81v7aKTUA8gbfqSFdm0R%2FQfCSBCewWJtTKjjAJHn%2FBH6EVkzw%2BHIyc8k%2BwkKxYzKvhx55I2U%2BPGfqfg%3D%3D (Caused by SSLError(SSLEOFError(8, 'EOF occurred in violation of protocol (_ssl.c:1131)')))
2023-10-02 07:17:04 ERROR upload_file request headers: {'User-Agent': 'python-requests/2.31.0', 'Accept-Encoding': 'gzip, deflate, br', 'Accept': '*/*', 'Connection': 'keep-alive', 'Content-MD5': 'Cv4ZRXpzb07eMkKUuzWfHg==', 'Content-Type': 'application/json', 'Content-Length': '20095'}
2023-10-02 07:17:04 ERROR upload_file response body: 
2023-10-02 07:17:04 ERROR upload_file exception https://storage.googleapis.com/wandb-production.appspot.com/ucl_2023_com00087/trlx/kdlxg969/wandb-metadata.json?Expires=1696288622&GoogleAccessId=gorilla-files-url-signer-man%40wandb-production.iam.gserviceaccount.com&Signature=CWXDjmOrHrQHjIMLrwn4UPjlkGwCHASGGVlTMSJLY%2BdhTARADM6s7GmwYQsUN5K0lvgYZsW8FtgmbyC0KL2zLX2sI3Czfv8U2OkXulYTO7UJFcFxhl9kmPrN1fpbyltZVtY5xfJsMGI3SqCJy2Zx7SieYWwo9I5rE5CWO%2FgF%2Bj9OoxnUBCCjau01Gr%2BKMdCiCeWaA9M9j7AlhmMFxPw%2F7yU9P92MlYdc3qPMsPuMAiLa3Zn6nk2JH9dXxwT6NJ%2F1kN%2F54DiRj9c8NFXnCHDG8i7oi0zaYI6HmkfGe%2F%2F2HAIBa4Z9WlrqXTMrMY1vx%2FDx1yBuDCyDdFjmKSIicYIF7Q%3D%3D: HTTPSConnectionPool(host='storage.googleapis.com', port=443): Max retries exceeded with url: /wandb-production.appspot.com/ucl_2023_com00087/trlx/kdlxg969/wandb-metadata.json?Expires=1696288622&GoogleAccessId=gorilla-files-url-signer-man%40wandb-production.iam.gserviceaccount.com&Signature=CWXDjmOrHrQHjIMLrwn4UPjlkGwCHASGGVlTMSJLY%2BdhTARADM6s7GmwYQsUN5K0lvgYZsW8FtgmbyC0KL2zLX2sI3Czfv8U2OkXulYTO7UJFcFxhl9kmPrN1fpbyltZVtY5xfJsMGI3SqCJy2Zx7SieYWwo9I5rE5CWO%2FgF%2Bj9OoxnUBCCjau01Gr%2BKMdCiCeWaA9M9j7AlhmMFxPw%2F7yU9P92MlYdc3qPMsPuMAiLa3Zn6nk2JH9dXxwT6NJ%2F1kN%2F54DiRj9c8NFXnCHDG8i7oi0zaYI6HmkfGe%2F%2F2HAIBa4Z9WlrqXTMrMY1vx%2FDx1yBuDCyDdFjmKSIicYIF7Q%3D%3D (Caused by SSLError(SSLEOFError(8, 'EOF occurred in violation of protocol (_ssl.c:1131)')))
2023-10-02 07:17:04 ERROR upload_file request headers: {'User-Agent': 'python-requests/2.31.0', 'Accept-Encoding': 'gzip, deflate, br', 'Accept': '*/*', 'Connection': 'keep-alive', 'Content-Length': '9671'}
2023-10-02 07:17:04 ERROR upload_file response body: 
2023-10-02 07:17:05 INFO file/dir modified: /root/autodl-tmp/msc_ml/llm_thought/Train/flan_t5/wandb/offline-run-20231002_035905-kdlxg969/files/output.log
2023-10-02 07:17:05 ERROR upload_file exception https://storage.googleapis.com/wandb-artifacts-prod/wandb_artifacts/103098043/591279694/0afe19457a736f4ede324294bb359f1e?Expires=1696288623&GoogleAccessId=gorilla-files-url-signer-man%40wandb-production.iam.gserviceaccount.com&Signature=kdseVixlKcNBKwsdBVdO%2BDQfSTntp03k2AExvUbQqV%2BEIGY2aMuD7jD5ovnwMpjRVqPt16Av%2FR3ve6cbb7z%2F6Dzmhx8cxooxhtpgvu%2BgEF3u7YUirpnxV8byJZoMBWvafP%2BnRG0pqxYKc%2BS%2BqFNHus6cGqriOYbX6Ct1%2B32%2BnfXRHcjnXEAUbKmIAMAkC6dAPKWfHZ7Rti6UNubywBMWsj3REURv9WnjRQkRetF0zR6zlgnZx0w0c9X2uctWHx4FnS7Dtlv81v7aKTUA8gbfqSFdm0R%2FQfCSBCewWJtTKjjAJHn%2FBH6EVkzw%2BHIyc8k%2BwkKxYzKvhx55I2U%2BPGfqfg%3D%3D: HTTPSConnectionPool(host='storage.googleapis.com', port=443): Max retries exceeded with url: /wandb-artifacts-prod/wandb_artifacts/103098043/591279694/0afe19457a736f4ede324294bb359f1e?Expires=1696288623&GoogleAccessId=gorilla-files-url-signer-man%40wandb-production.iam.gserviceaccount.com&Signature=kdseVixlKcNBKwsdBVdO%2BDQfSTntp03k2AExvUbQqV%2BEIGY2aMuD7jD5ovnwMpjRVqPt16Av%2FR3ve6cbb7z%2F6Dzmhx8cxooxhtpgvu%2BgEF3u7YUirpnxV8byJZoMBWvafP%2BnRG0pqxYKc%2BS%2BqFNHus6cGqriOYbX6Ct1%2B32%2BnfXRHcjnXEAUbKmIAMAkC6dAPKWfHZ7Rti6UNubywBMWsj3REURv9WnjRQkRetF0zR6zlgnZx0w0c9X2uctWHx4FnS7Dtlv81v7aKTUA8gbfqSFdm0R%2FQfCSBCewWJtTKjjAJHn%2FBH6EVkzw%2BHIyc8k%2BwkKxYzKvhx55I2U%2BPGfqfg%3D%3D (Caused by SSLError(SSLEOFError(8, 'EOF occurred in violation of protocol (_ssl.c:1131)')))
2023-10-02 07:17:05 ERROR upload_file request headers: {'User-Agent': 'python-requests/2.31.0', 'Accept-Encoding': 'gzip, deflate, br', 'Accept': '*/*', 'Connection': 'keep-alive', 'Content-MD5': 'Cv4ZRXpzb07eMkKUuzWfHg==', 'Content-Type': 'application/json', 'Content-Length': '20095'}
2023-10-02 07:17:05 ERROR upload_file response body: 
2023-10-02 07:17:06 ERROR upload_file exception https://storage.googleapis.com/wandb-production.appspot.com/ucl_2023_com00087/trlx/kdlxg969/wandb-metadata.json?Expires=1696288622&GoogleAccessId=gorilla-files-url-signer-man%40wandb-production.iam.gserviceaccount.com&Signature=CWXDjmOrHrQHjIMLrwn4UPjlkGwCHASGGVlTMSJLY%2BdhTARADM6s7GmwYQsUN5K0lvgYZsW8FtgmbyC0KL2zLX2sI3Czfv8U2OkXulYTO7UJFcFxhl9kmPrN1fpbyltZVtY5xfJsMGI3SqCJy2Zx7SieYWwo9I5rE5CWO%2FgF%2Bj9OoxnUBCCjau01Gr%2BKMdCiCeWaA9M9j7AlhmMFxPw%2F7yU9P92MlYdc3qPMsPuMAiLa3Zn6nk2JH9dXxwT6NJ%2F1kN%2F54DiRj9c8NFXnCHDG8i7oi0zaYI6HmkfGe%2F%2F2HAIBa4Z9WlrqXTMrMY1vx%2FDx1yBuDCyDdFjmKSIicYIF7Q%3D%3D: HTTPSConnectionPool(host='storage.googleapis.com', port=443): Max retries exceeded with url: /wandb-production.appspot.com/ucl_2023_com00087/trlx/kdlxg969/wandb-metadata.json?Expires=1696288622&GoogleAccessId=gorilla-files-url-signer-man%40wandb-production.iam.gserviceaccount.com&Signature=CWXDjmOrHrQHjIMLrwn4UPjlkGwCHASGGVlTMSJLY%2BdhTARADM6s7GmwYQsUN5K0lvgYZsW8FtgmbyC0KL2zLX2sI3Czfv8U2OkXulYTO7UJFcFxhl9kmPrN1fpbyltZVtY5xfJsMGI3SqCJy2Zx7SieYWwo9I5rE5CWO%2FgF%2Bj9OoxnUBCCjau01Gr%2BKMdCiCeWaA9M9j7AlhmMFxPw%2F7yU9P92MlYdc3qPMsPuMAiLa3Zn6nk2JH9dXxwT6NJ%2F1kN%2F54DiRj9c8NFXnCHDG8i7oi0zaYI6HmkfGe%2F%2F2HAIBa4Z9WlrqXTMrMY1vx%2FDx1yBuDCyDdFjmKSIicYIF7Q%3D%3D (Caused by SSLError(SSLEOFError(8, 'EOF occurred in violation of protocol (_ssl.c:1131)')))
2023-10-02 07:17:06 ERROR upload_file request headers: {'User-Agent': 'python-requests/2.31.0', 'Accept-Encoding': 'gzip, deflate, br', 'Accept': '*/*', 'Connection': 'keep-alive', 'Content-Length': '9671'}
2023-10-02 07:17:06 ERROR upload_file response body: 
2023-10-02 07:17:06 INFO Retry attempt failed:
urllib3.exceptions.SSLError: EOF occurred in violation of protocol (_ssl.c:1131)

The above exception was the direct cause of the following exception:

Traceback (most recent call last):
  File "/root/miniconda3/lib/python3.8/site-packages/requests/adapters.py", line 486, in send
    resp = conn.urlopen(
  File "/root/miniconda3/lib/python3.8/site-packages/urllib3/connectionpool.py", line 844, in urlopen
    retries = retries.increment(
  File "/root/miniconda3/lib/python3.8/site-packages/urllib3/util/retry.py", line 515, in increment
    raise MaxRetryError(_pool, url, reason) from reason  # type: ignore[arg-type]
urllib3.exceptions.MaxRetryError: HTTPSConnectionPool(host='storage.googleapis.com', port=443): Max retries exceeded with url: /wandb-production.appspot.com/ucl_2023_com00087/trlx/kdlxg969/wandb-metadata.json?Expires=1696288622&GoogleAccessId=gorilla-files-url-signer-man%40wandb-production.iam.gserviceaccount.com&Signature=CWXDjmOrHrQHjIMLrwn4UPjlkGwCHASGGVlTMSJLY%2BdhTARADM6s7GmwYQsUN5K0lvgYZsW8FtgmbyC0KL2zLX2sI3Czfv8U2OkXulYTO7UJFcFxhl9kmPrN1fpbyltZVtY5xfJsMGI3SqCJy2Zx7SieYWwo9I5rE5CWO%2FgF%2Bj9OoxnUBCCjau01Gr%2BKMdCiCeWaA9M9j7AlhmMFxPw%2F7yU9P92MlYdc3qPMsPuMAiLa3Zn6nk2JH9dXxwT6NJ%2F1kN%2F54DiRj9c8NFXnCHDG8i7oi0zaYI6HmkfGe%2F%2F2HAIBa4Z9WlrqXTMrMY1vx%2FDx1yBuDCyDdFjmKSIicYIF7Q%3D%3D (Caused by SSLError(SSLEOFError(8, 'EOF occurred in violation of protocol (_ssl.c:1131)')))

During handling of the above exception, another exception occurred:

Traceback (most recent call last):
  File "/root/miniconda3/lib/python3.8/site-packages/wandb/sdk/internal/internal_api.py", line 2491, in upload_file
    response = self._upload_file_session.put(
  File "/root/miniconda3/lib/python3.8/site-packages/requests/sessions.py", line 649, in put
    return self.request("PUT", url, data=data, **kwargs)
  File "/root/miniconda3/lib/python3.8/site-packages/requests/sessions.py", line 589, in request
    resp = self.send(prep, **send_kwargs)
  File "/root/miniconda3/lib/python3.8/site-packages/requests/sessions.py", line 703, in send
    r = adapter.send(request, **kwargs)
  File "/root/miniconda3/lib/python3.8/site-packages/requests/adapters.py", line 517, in send
    raise SSLError(e, request=request)
requests.exceptions.SSLError: HTTPSConnectionPool(host='storage.googleapis.com', port=443): Max retries exceeded with url: /wandb-production.appspot.com/ucl_2023_com00087/trlx/kdlxg969/wandb-metadata.json?Expires=1696288622&GoogleAccessId=gorilla-files-url-signer-man%40wandb-production.iam.gserviceaccount.com&Signature=CWXDjmOrHrQHjIMLrwn4UPjlkGwCHASGGVlTMSJLY%2BdhTARADM6s7GmwYQsUN5K0lvgYZsW8FtgmbyC0KL2zLX2sI3Czfv8U2OkXulYTO7UJFcFxhl9kmPrN1fpbyltZVtY5xfJsMGI3SqCJy2Zx7SieYWwo9I5rE5CWO%2FgF%2Bj9OoxnUBCCjau01Gr%2BKMdCiCeWaA9M9j7AlhmMFxPw%2F7yU9P92MlYdc3qPMsPuMAiLa3Zn6nk2JH9dXxwT6NJ%2F1kN%2F54DiRj9c8NFXnCHDG8i7oi0zaYI6HmkfGe%2F%2F2HAIBa4Z9WlrqXTMrMY1vx%2FDx1yBuDCyDdFjmKSIicYIF7Q%3D%3D (Caused by SSLError(SSLEOFError(8, 'EOF occurred in violation of protocol (_ssl.c:1131)')))

During handling of the above exception, another exception occurred:

Traceback (most recent call last):
  File "/root/miniconda3/lib/python3.8/site-packages/wandb/sdk/lib/retry.py", line 131, in __call__
    result = self._call_fn(*args, **kwargs)
  File "/root/miniconda3/lib/python3.8/site-packages/wandb/sdk/internal/internal_api.py", line 2520, in upload_file
    raise _e.with_traceback(sys.exc_info()[2])
  File "/root/miniconda3/lib/python3.8/site-packages/wandb/sdk/internal/internal_api.py", line 2491, in upload_file
    response = self._upload_file_session.put(
  File "/root/miniconda3/lib/python3.8/site-packages/requests/sessions.py", line 649, in put
    return self.request("PUT", url, data=data, **kwargs)
  File "/root/miniconda3/lib/python3.8/site-packages/requests/sessions.py", line 589, in request
    resp = self.send(prep, **send_kwargs)
  File "/root/miniconda3/lib/python3.8/site-packages/requests/sessions.py", line 703, in send
    r = adapter.send(request, **kwargs)
  File "/root/miniconda3/lib/python3.8/site-packages/requests/adapters.py", line 517, in send
    raise SSLError(e, request=request)
wandb.sdk.lib.retry.TransientError: None
2023-10-02 07:17:07 ERROR upload_file exception https://storage.googleapis.com/wandb-artifacts-prod/wandb_artifacts/103098043/591279694/0afe19457a736f4ede324294bb359f1e?Expires=1696288623&GoogleAccessId=gorilla-files-url-signer-man%40wandb-production.iam.gserviceaccount.com&Signature=kdseVixlKcNBKwsdBVdO%2BDQfSTntp03k2AExvUbQqV%2BEIGY2aMuD7jD5ovnwMpjRVqPt16Av%2FR3ve6cbb7z%2F6Dzmhx8cxooxhtpgvu%2BgEF3u7YUirpnxV8byJZoMBWvafP%2BnRG0pqxYKc%2BS%2BqFNHus6cGqriOYbX6Ct1%2B32%2BnfXRHcjnXEAUbKmIAMAkC6dAPKWfHZ7Rti6UNubywBMWsj3REURv9WnjRQkRetF0zR6zlgnZx0w0c9X2uctWHx4FnS7Dtlv81v7aKTUA8gbfqSFdm0R%2FQfCSBCewWJtTKjjAJHn%2FBH6EVkzw%2BHIyc8k%2BwkKxYzKvhx55I2U%2BPGfqfg%3D%3D: HTTPSConnectionPool(host='storage.googleapis.com', port=443): Max retries exceeded with url: /wandb-artifacts-prod/wandb_artifacts/103098043/591279694/0afe19457a736f4ede324294bb359f1e?Expires=1696288623&GoogleAccessId=gorilla-files-url-signer-man%40wandb-production.iam.gserviceaccount.com&Signature=kdseVixlKcNBKwsdBVdO%2BDQfSTntp03k2AExvUbQqV%2BEIGY2aMuD7jD5ovnwMpjRVqPt16Av%2FR3ve6cbb7z%2F6Dzmhx8cxooxhtpgvu%2BgEF3u7YUirpnxV8byJZoMBWvafP%2BnRG0pqxYKc%2BS%2BqFNHus6cGqriOYbX6Ct1%2B32%2BnfXRHcjnXEAUbKmIAMAkC6dAPKWfHZ7Rti6UNubywBMWsj3REURv9WnjRQkRetF0zR6zlgnZx0w0c9X2uctWHx4FnS7Dtlv81v7aKTUA8gbfqSFdm0R%2FQfCSBCewWJtTKjjAJHn%2FBH6EVkzw%2BHIyc8k%2BwkKxYzKvhx55I2U%2BPGfqfg%3D%3D (Caused by SSLError(SSLEOFError(8, 'EOF occurred in violation of protocol (_ssl.c:1131)')))
2023-10-02 07:17:07 ERROR upload_file request headers: {'User-Agent': 'python-requests/2.31.0', 'Accept-Encoding': 'gzip, deflate, br', 'Accept': '*/*', 'Connection': 'keep-alive', 'Content-MD5': 'Cv4ZRXpzb07eMkKUuzWfHg==', 'Content-Type': 'application/json', 'Content-Length': '20095'}
2023-10-02 07:17:07 ERROR upload_file response body: 
2023-10-02 07:17:07 INFO Retry attempt failed:
urllib3.exceptions.SSLError: EOF occurred in violation of protocol (_ssl.c:1131)

The above exception was the direct cause of the following exception:

Traceback (most recent call last):
  File "/root/miniconda3/lib/python3.8/site-packages/requests/adapters.py", line 486, in send
    resp = conn.urlopen(
  File "/root/miniconda3/lib/python3.8/site-packages/urllib3/connectionpool.py", line 844, in urlopen
    retries = retries.increment(
  File "/root/miniconda3/lib/python3.8/site-packages/urllib3/util/retry.py", line 515, in increment
    raise MaxRetryError(_pool, url, reason) from reason  # type: ignore[arg-type]
urllib3.exceptions.MaxRetryError: HTTPSConnectionPool(host='storage.googleapis.com', port=443): Max retries exceeded with url: /wandb-artifacts-prod/wandb_artifacts/103098043/591279694/0afe19457a736f4ede324294bb359f1e?Expires=1696288623&GoogleAccessId=gorilla-files-url-signer-man%40wandb-production.iam.gserviceaccount.com&Signature=kdseVixlKcNBKwsdBVdO%2BDQfSTntp03k2AExvUbQqV%2BEIGY2aMuD7jD5ovnwMpjRVqPt16Av%2FR3ve6cbb7z%2F6Dzmhx8cxooxhtpgvu%2BgEF3u7YUirpnxV8byJZoMBWvafP%2BnRG0pqxYKc%2BS%2BqFNHus6cGqriOYbX6Ct1%2B32%2BnfXRHcjnXEAUbKmIAMAkC6dAPKWfHZ7Rti6UNubywBMWsj3REURv9WnjRQkRetF0zR6zlgnZx0w0c9X2uctWHx4FnS7Dtlv81v7aKTUA8gbfqSFdm0R%2FQfCSBCewWJtTKjjAJHn%2FBH6EVkzw%2BHIyc8k%2BwkKxYzKvhx55I2U%2BPGfqfg%3D%3D (Caused by SSLError(SSLEOFError(8, 'EOF occurred in violation of protocol (_ssl.c:1131)')))

During handling of the above exception, another exception occurred:

Traceback (most recent call last):
  File "/root/miniconda3/lib/python3.8/site-packages/wandb/sdk/internal/internal_api.py", line 2491, in upload_file
    response = self._upload_file_session.put(
  File "/root/miniconda3/lib/python3.8/site-packages/requests/sessions.py", line 649, in put
    return self.request("PUT", url, data=data, **kwargs)
  File "/root/miniconda3/lib/python3.8/site-packages/requests/sessions.py", line 589, in request
    resp = self.send(prep, **send_kwargs)
  File "/root/miniconda3/lib/python3.8/site-packages/requests/sessions.py", line 703, in send
    r = adapter.send(request, **kwargs)
  File "/root/miniconda3/lib/python3.8/site-packages/requests/adapters.py", line 517, in send
    raise SSLError(e, request=request)
requests.exceptions.SSLError: HTTPSConnectionPool(host='storage.googleapis.com', port=443): Max retries exceeded with url: /wandb-artifacts-prod/wandb_artifacts/103098043/591279694/0afe19457a736f4ede324294bb359f1e?Expires=1696288623&GoogleAccessId=gorilla-files-url-signer-man%40wandb-production.iam.gserviceaccount.com&Signature=kdseVixlKcNBKwsdBVdO%2BDQfSTntp03k2AExvUbQqV%2BEIGY2aMuD7jD5ovnwMpjRVqPt16Av%2FR3ve6cbb7z%2F6Dzmhx8cxooxhtpgvu%2BgEF3u7YUirpnxV8byJZoMBWvafP%2BnRG0pqxYKc%2BS%2BqFNHus6cGqriOYbX6Ct1%2B32%2BnfXRHcjnXEAUbKmIAMAkC6dAPKWfHZ7Rti6UNubywBMWsj3REURv9WnjRQkRetF0zR6zlgnZx0w0c9X2uctWHx4FnS7Dtlv81v7aKTUA8gbfqSFdm0R%2FQfCSBCewWJtTKjjAJHn%2FBH6EVkzw%2BHIyc8k%2BwkKxYzKvhx55I2U%2BPGfqfg%3D%3D (Caused by SSLError(SSLEOFError(8, 'EOF occurred in violation of protocol (_ssl.c:1131)')))

During handling of the above exception, another exception occurred:

Traceback (most recent call last):
  File "/root/miniconda3/lib/python3.8/site-packages/wandb/sdk/lib/retry.py", line 131, in __call__
    result = self._call_fn(*args, **kwargs)
  File "/root/miniconda3/lib/python3.8/site-packages/wandb/sdk/internal/internal_api.py", line 2520, in upload_file
    raise _e.with_traceback(sys.exc_info()[2])
  File "/root/miniconda3/lib/python3.8/site-packages/wandb/sdk/internal/internal_api.py", line 2491, in upload_file
    response = self._upload_file_session.put(
  File "/root/miniconda3/lib/python3.8/site-packages/requests/sessions.py", line 649, in put
    return self.request("PUT", url, data=data, **kwargs)
  File "/root/miniconda3/lib/python3.8/site-packages/requests/sessions.py", line 589, in request
    resp = self.send(prep, **send_kwargs)
  File "/root/miniconda3/lib/python3.8/site-packages/requests/sessions.py", line 703, in send
    r = adapter.send(request, **kwargs)
  File "/root/miniconda3/lib/python3.8/site-packages/requests/adapters.py", line 517, in send
    raise SSLError(e, request=request)
wandb.sdk.lib.retry.TransientError: None
2023-10-02 07:17:11 ERROR upload_file exception https://storage.googleapis.com/wandb-production.appspot.com/ucl_2023_com00087/trlx/kdlxg969/wandb-metadata.json?Expires=1696288622&GoogleAccessId=gorilla-files-url-signer-man%40wandb-production.iam.gserviceaccount.com&Signature=CWXDjmOrHrQHjIMLrwn4UPjlkGwCHASGGVlTMSJLY%2BdhTARADM6s7GmwYQsUN5K0lvgYZsW8FtgmbyC0KL2zLX2sI3Czfv8U2OkXulYTO7UJFcFxhl9kmPrN1fpbyltZVtY5xfJsMGI3SqCJy2Zx7SieYWwo9I5rE5CWO%2FgF%2Bj9OoxnUBCCjau01Gr%2BKMdCiCeWaA9M9j7AlhmMFxPw%2F7yU9P92MlYdc3qPMsPuMAiLa3Zn6nk2JH9dXxwT6NJ%2F1kN%2F54DiRj9c8NFXnCHDG8i7oi0zaYI6HmkfGe%2F%2F2HAIBa4Z9WlrqXTMrMY1vx%2FDx1yBuDCyDdFjmKSIicYIF7Q%3D%3D: HTTPSConnectionPool(host='storage.googleapis.com', port=443): Max retries exceeded with url: /wandb-production.appspot.com/ucl_2023_com00087/trlx/kdlxg969/wandb-metadata.json?Expires=1696288622&GoogleAccessId=gorilla-files-url-signer-man%40wandb-production.iam.gserviceaccount.com&Signature=CWXDjmOrHrQHjIMLrwn4UPjlkGwCHASGGVlTMSJLY%2BdhTARADM6s7GmwYQsUN5K0lvgYZsW8FtgmbyC0KL2zLX2sI3Czfv8U2OkXulYTO7UJFcFxhl9kmPrN1fpbyltZVtY5xfJsMGI3SqCJy2Zx7SieYWwo9I5rE5CWO%2FgF%2Bj9OoxnUBCCjau01Gr%2BKMdCiCeWaA9M9j7AlhmMFxPw%2F7yU9P92MlYdc3qPMsPuMAiLa3Zn6nk2JH9dXxwT6NJ%2F1kN%2F54DiRj9c8NFXnCHDG8i7oi0zaYI6HmkfGe%2F%2F2HAIBa4Z9WlrqXTMrMY1vx%2FDx1yBuDCyDdFjmKSIicYIF7Q%3D%3D (Caused by SSLError(SSLEOFError(8, 'EOF occurred in violation of protocol (_ssl.c:1131)')))
2023-10-02 07:17:11 ERROR upload_file request headers: {'User-Agent': 'python-requests/2.31.0', 'Accept-Encoding': 'gzip, deflate, br', 'Accept': '*/*', 'Connection': 'keep-alive', 'Content-Length': '9671'}
2023-10-02 07:17:11 ERROR upload_file response body: 
2023-10-02 07:17:12 ERROR upload_file exception https://storage.googleapis.com/wandb-artifacts-prod/wandb_artifacts/103098043/591279694/0afe19457a736f4ede324294bb359f1e?Expires=1696288623&GoogleAccessId=gorilla-files-url-signer-man%40wandb-production.iam.gserviceaccount.com&Signature=kdseVixlKcNBKwsdBVdO%2BDQfSTntp03k2AExvUbQqV%2BEIGY2aMuD7jD5ovnwMpjRVqPt16Av%2FR3ve6cbb7z%2F6Dzmhx8cxooxhtpgvu%2BgEF3u7YUirpnxV8byJZoMBWvafP%2BnRG0pqxYKc%2BS%2BqFNHus6cGqriOYbX6Ct1%2B32%2BnfXRHcjnXEAUbKmIAMAkC6dAPKWfHZ7Rti6UNubywBMWsj3REURv9WnjRQkRetF0zR6zlgnZx0w0c9X2uctWHx4FnS7Dtlv81v7aKTUA8gbfqSFdm0R%2FQfCSBCewWJtTKjjAJHn%2FBH6EVkzw%2BHIyc8k%2BwkKxYzKvhx55I2U%2BPGfqfg%3D%3D: HTTPSConnectionPool(host='storage.googleapis.com', port=443): Max retries exceeded with url: /wandb-artifacts-prod/wandb_artifacts/103098043/591279694/0afe19457a736f4ede324294bb359f1e?Expires=1696288623&GoogleAccessId=gorilla-files-url-signer-man%40wandb-production.iam.gserviceaccount.com&Signature=kdseVixlKcNBKwsdBVdO%2BDQfSTntp03k2AExvUbQqV%2BEIGY2aMuD7jD5ovnwMpjRVqPt16Av%2FR3ve6cbb7z%2F6Dzmhx8cxooxhtpgvu%2BgEF3u7YUirpnxV8byJZoMBWvafP%2BnRG0pqxYKc%2BS%2BqFNHus6cGqriOYbX6Ct1%2B32%2BnfXRHcjnXEAUbKmIAMAkC6dAPKWfHZ7Rti6UNubywBMWsj3REURv9WnjRQkRetF0zR6zlgnZx0w0c9X2uctWHx4FnS7Dtlv81v7aKTUA8gbfqSFdm0R%2FQfCSBCewWJtTKjjAJHn%2FBH6EVkzw%2BHIyc8k%2BwkKxYzKvhx55I2U%2BPGfqfg%3D%3D (Caused by SSLError(SSLEOFError(8, 'EOF occurred in violation of protocol (_ssl.c:1131)')))
2023-10-02 07:17:12 ERROR upload_file request headers: {'User-Agent': 'python-requests/2.31.0', 'Accept-Encoding': 'gzip, deflate, br', 'Accept': '*/*', 'Connection': 'keep-alive', 'Content-MD5': 'Cv4ZRXpzb07eMkKUuzWfHg==', 'Content-Type': 'application/json', 'Content-Length': '20095'}
2023-10-02 07:17:12 ERROR upload_file response body: 
2023-10-02 07:17:20 ERROR upload_file exception https://storage.googleapis.com/wandb-artifacts-prod/wandb_artifacts/103098043/591279694/0afe19457a736f4ede324294bb359f1e?Expires=1696288623&GoogleAccessId=gorilla-files-url-signer-man%40wandb-production.iam.gserviceaccount.com&Signature=kdseVixlKcNBKwsdBVdO%2BDQfSTntp03k2AExvUbQqV%2BEIGY2aMuD7jD5ovnwMpjRVqPt16Av%2FR3ve6cbb7z%2F6Dzmhx8cxooxhtpgvu%2BgEF3u7YUirpnxV8byJZoMBWvafP%2BnRG0pqxYKc%2BS%2BqFNHus6cGqriOYbX6Ct1%2B32%2BnfXRHcjnXEAUbKmIAMAkC6dAPKWfHZ7Rti6UNubywBMWsj3REURv9WnjRQkRetF0zR6zlgnZx0w0c9X2uctWHx4FnS7Dtlv81v7aKTUA8gbfqSFdm0R%2FQfCSBCewWJtTKjjAJHn%2FBH6EVkzw%2BHIyc8k%2BwkKxYzKvhx55I2U%2BPGfqfg%3D%3D: HTTPSConnectionPool(host='storage.googleapis.com', port=443): Max retries exceeded with url: /wandb-artifacts-prod/wandb_artifacts/103098043/591279694/0afe19457a736f4ede324294bb359f1e?Expires=1696288623&GoogleAccessId=gorilla-files-url-signer-man%40wandb-production.iam.gserviceaccount.com&Signature=kdseVixlKcNBKwsdBVdO%2BDQfSTntp03k2AExvUbQqV%2BEIGY2aMuD7jD5ovnwMpjRVqPt16Av%2FR3ve6cbb7z%2F6Dzmhx8cxooxhtpgvu%2BgEF3u7YUirpnxV8byJZoMBWvafP%2BnRG0pqxYKc%2BS%2BqFNHus6cGqriOYbX6Ct1%2B32%2BnfXRHcjnXEAUbKmIAMAkC6dAPKWfHZ7Rti6UNubywBMWsj3REURv9WnjRQkRetF0zR6zlgnZx0w0c9X2uctWHx4FnS7Dtlv81v7aKTUA8gbfqSFdm0R%2FQfCSBCewWJtTKjjAJHn%2FBH6EVkzw%2BHIyc8k%2BwkKxYzKvhx55I2U%2BPGfqfg%3D%3D (Caused by SSLError(SSLEOFError(8, 'EOF occurred in violation of protocol (_ssl.c:1131)')))
2023-10-02 07:17:20 ERROR upload_file request headers: {'User-Agent': 'python-requests/2.31.0', 'Accept-Encoding': 'gzip, deflate, br', 'Accept': '*/*', 'Connection': 'keep-alive', 'Content-MD5': 'Cv4ZRXpzb07eMkKUuzWfHg==', 'Content-Type': 'application/json', 'Content-Length': '20095'}
2023-10-02 07:17:20 ERROR upload_file response body: 
2023-10-02 07:17:20 ERROR upload_file exception https://storage.googleapis.com/wandb-production.appspot.com/ucl_2023_com00087/trlx/kdlxg969/wandb-metadata.json?Expires=1696288622&GoogleAccessId=gorilla-files-url-signer-man%40wandb-production.iam.gserviceaccount.com&Signature=CWXDjmOrHrQHjIMLrwn4UPjlkGwCHASGGVlTMSJLY%2BdhTARADM6s7GmwYQsUN5K0lvgYZsW8FtgmbyC0KL2zLX2sI3Czfv8U2OkXulYTO7UJFcFxhl9kmPrN1fpbyltZVtY5xfJsMGI3SqCJy2Zx7SieYWwo9I5rE5CWO%2FgF%2Bj9OoxnUBCCjau01Gr%2BKMdCiCeWaA9M9j7AlhmMFxPw%2F7yU9P92MlYdc3qPMsPuMAiLa3Zn6nk2JH9dXxwT6NJ%2F1kN%2F54DiRj9c8NFXnCHDG8i7oi0zaYI6HmkfGe%2F%2F2HAIBa4Z9WlrqXTMrMY1vx%2FDx1yBuDCyDdFjmKSIicYIF7Q%3D%3D: HTTPSConnectionPool(host='storage.googleapis.com', port=443): Max retries exceeded with url: /wandb-production.appspot.com/ucl_2023_com00087/trlx/kdlxg969/wandb-metadata.json?Expires=1696288622&GoogleAccessId=gorilla-files-url-signer-man%40wandb-production.iam.gserviceaccount.com&Signature=CWXDjmOrHrQHjIMLrwn4UPjlkGwCHASGGVlTMSJLY%2BdhTARADM6s7GmwYQsUN5K0lvgYZsW8FtgmbyC0KL2zLX2sI3Czfv8U2OkXulYTO7UJFcFxhl9kmPrN1fpbyltZVtY5xfJsMGI3SqCJy2Zx7SieYWwo9I5rE5CWO%2FgF%2Bj9OoxnUBCCjau01Gr%2BKMdCiCeWaA9M9j7AlhmMFxPw%2F7yU9P92MlYdc3qPMsPuMAiLa3Zn6nk2JH9dXxwT6NJ%2F1kN%2F54DiRj9c8NFXnCHDG8i7oi0zaYI6HmkfGe%2F%2F2HAIBa4Z9WlrqXTMrMY1vx%2FDx1yBuDCyDdFjmKSIicYIF7Q%3D%3D (Caused by SSLError(SSLEOFError(8, 'EOF occurred in violation of protocol (_ssl.c:1131)')))
2023-10-02 07:17:20 ERROR upload_file request headers: {'User-Agent': 'python-requests/2.31.0', 'Accept-Encoding': 'gzip, deflate, br', 'Accept': '*/*', 'Connection': 'keep-alive', 'Content-Length': '9671'}
2023-10-02 07:17:20 ERROR upload_file response body: 
2023-10-02 07:17:37 ERROR upload_file exception https://storage.googleapis.com/wandb-production.appspot.com/ucl_2023_com00087/trlx/kdlxg969/wandb-metadata.json?Expires=1696288622&GoogleAccessId=gorilla-files-url-signer-man%40wandb-production.iam.gserviceaccount.com&Signature=CWXDjmOrHrQHjIMLrwn4UPjlkGwCHASGGVlTMSJLY%2BdhTARADM6s7GmwYQsUN5K0lvgYZsW8FtgmbyC0KL2zLX2sI3Czfv8U2OkXulYTO7UJFcFxhl9kmPrN1fpbyltZVtY5xfJsMGI3SqCJy2Zx7SieYWwo9I5rE5CWO%2FgF%2Bj9OoxnUBCCjau01Gr%2BKMdCiCeWaA9M9j7AlhmMFxPw%2F7yU9P92MlYdc3qPMsPuMAiLa3Zn6nk2JH9dXxwT6NJ%2F1kN%2F54DiRj9c8NFXnCHDG8i7oi0zaYI6HmkfGe%2F%2F2HAIBa4Z9WlrqXTMrMY1vx%2FDx1yBuDCyDdFjmKSIicYIF7Q%3D%3D: HTTPSConnectionPool(host='storage.googleapis.com', port=443): Max retries exceeded with url: /wandb-production.appspot.com/ucl_2023_com00087/trlx/kdlxg969/wandb-metadata.json?Expires=1696288622&GoogleAccessId=gorilla-files-url-signer-man%40wandb-production.iam.gserviceaccount.com&Signature=CWXDjmOrHrQHjIMLrwn4UPjlkGwCHASGGVlTMSJLY%2BdhTARADM6s7GmwYQsUN5K0lvgYZsW8FtgmbyC0KL2zLX2sI3Czfv8U2OkXulYTO7UJFcFxhl9kmPrN1fpbyltZVtY5xfJsMGI3SqCJy2Zx7SieYWwo9I5rE5CWO%2FgF%2Bj9OoxnUBCCjau01Gr%2BKMdCiCeWaA9M9j7AlhmMFxPw%2F7yU9P92MlYdc3qPMsPuMAiLa3Zn6nk2JH9dXxwT6NJ%2F1kN%2F54DiRj9c8NFXnCHDG8i7oi0zaYI6HmkfGe%2F%2F2HAIBa4Z9WlrqXTMrMY1vx%2FDx1yBuDCyDdFjmKSIicYIF7Q%3D%3D (Caused by SSLError(SSLEOFError(8, 'EOF occurred in violation of protocol (_ssl.c:1131)')))
2023-10-02 07:17:37 ERROR upload_file request headers: {'User-Agent': 'python-requests/2.31.0', 'Accept-Encoding': 'gzip, deflate, br', 'Accept': '*/*', 'Connection': 'keep-alive', 'Content-Length': '9671'}
2023-10-02 07:17:37 ERROR upload_file response body: 
2023-10-02 07:17:40 ERROR upload_file exception https://storage.googleapis.com/wandb-artifacts-prod/wandb_artifacts/103098043/591279694/0afe19457a736f4ede324294bb359f1e?Expires=1696288623&GoogleAccessId=gorilla-files-url-signer-man%40wandb-production.iam.gserviceaccount.com&Signature=kdseVixlKcNBKwsdBVdO%2BDQfSTntp03k2AExvUbQqV%2BEIGY2aMuD7jD5ovnwMpjRVqPt16Av%2FR3ve6cbb7z%2F6Dzmhx8cxooxhtpgvu%2BgEF3u7YUirpnxV8byJZoMBWvafP%2BnRG0pqxYKc%2BS%2BqFNHus6cGqriOYbX6Ct1%2B32%2BnfXRHcjnXEAUbKmIAMAkC6dAPKWfHZ7Rti6UNubywBMWsj3REURv9WnjRQkRetF0zR6zlgnZx0w0c9X2uctWHx4FnS7Dtlv81v7aKTUA8gbfqSFdm0R%2FQfCSBCewWJtTKjjAJHn%2FBH6EVkzw%2BHIyc8k%2BwkKxYzKvhx55I2U%2BPGfqfg%3D%3D: HTTPSConnectionPool(host='storage.googleapis.com', port=443): Max retries exceeded with url: /wandb-artifacts-prod/wandb_artifacts/103098043/591279694/0afe19457a736f4ede324294bb359f1e?Expires=1696288623&GoogleAccessId=gorilla-files-url-signer-man%40wandb-production.iam.gserviceaccount.com&Signature=kdseVixlKcNBKwsdBVdO%2BDQfSTntp03k2AExvUbQqV%2BEIGY2aMuD7jD5ovnwMpjRVqPt16Av%2FR3ve6cbb7z%2F6Dzmhx8cxooxhtpgvu%2BgEF3u7YUirpnxV8byJZoMBWvafP%2BnRG0pqxYKc%2BS%2BqFNHus6cGqriOYbX6Ct1%2B32%2BnfXRHcjnXEAUbKmIAMAkC6dAPKWfHZ7Rti6UNubywBMWsj3REURv9WnjRQkRetF0zR6zlgnZx0w0c9X2uctWHx4FnS7Dtlv81v7aKTUA8gbfqSFdm0R%2FQfCSBCewWJtTKjjAJHn%2FBH6EVkzw%2BHIyc8k%2BwkKxYzKvhx55I2U%2BPGfqfg%3D%3D (Caused by SSLError(SSLEOFError(8, 'EOF occurred in violation of protocol (_ssl.c:1131)')))
2023-10-02 07:17:40 ERROR upload_file request headers: {'User-Agent': 'python-requests/2.31.0', 'Accept-Encoding': 'gzip, deflate, br', 'Accept': '*/*', 'Connection': 'keep-alive', 'Content-MD5': 'Cv4ZRXpzb07eMkKUuzWfHg==', 'Content-Type': 'application/json', 'Content-Length': '20095'}
2023-10-02 07:17:40 ERROR upload_file response body: 
2023-10-02 07:18:15 ERROR upload_file exception https://storage.googleapis.com/wandb-production.appspot.com/ucl_2023_com00087/trlx/kdlxg969/wandb-metadata.json?Expires=1696288622&GoogleAccessId=gorilla-files-url-signer-man%40wandb-production.iam.gserviceaccount.com&Signature=CWXDjmOrHrQHjIMLrwn4UPjlkGwCHASGGVlTMSJLY%2BdhTARADM6s7GmwYQsUN5K0lvgYZsW8FtgmbyC0KL2zLX2sI3Czfv8U2OkXulYTO7UJFcFxhl9kmPrN1fpbyltZVtY5xfJsMGI3SqCJy2Zx7SieYWwo9I5rE5CWO%2FgF%2Bj9OoxnUBCCjau01Gr%2BKMdCiCeWaA9M9j7AlhmMFxPw%2F7yU9P92MlYdc3qPMsPuMAiLa3Zn6nk2JH9dXxwT6NJ%2F1kN%2F54DiRj9c8NFXnCHDG8i7oi0zaYI6HmkfGe%2F%2F2HAIBa4Z9WlrqXTMrMY1vx%2FDx1yBuDCyDdFjmKSIicYIF7Q%3D%3D: HTTPSConnectionPool(host='storage.googleapis.com', port=443): Max retries exceeded with url: /wandb-production.appspot.com/ucl_2023_com00087/trlx/kdlxg969/wandb-metadata.json?Expires=1696288622&GoogleAccessId=gorilla-files-url-signer-man%40wandb-production.iam.gserviceaccount.com&Signature=CWXDjmOrHrQHjIMLrwn4UPjlkGwCHASGGVlTMSJLY%2BdhTARADM6s7GmwYQsUN5K0lvgYZsW8FtgmbyC0KL2zLX2sI3Czfv8U2OkXulYTO7UJFcFxhl9kmPrN1fpbyltZVtY5xfJsMGI3SqCJy2Zx7SieYWwo9I5rE5CWO%2FgF%2Bj9OoxnUBCCjau01Gr%2BKMdCiCeWaA9M9j7AlhmMFxPw%2F7yU9P92MlYdc3qPMsPuMAiLa3Zn6nk2JH9dXxwT6NJ%2F1kN%2F54DiRj9c8NFXnCHDG8i7oi0zaYI6HmkfGe%2F%2F2HAIBa4Z9WlrqXTMrMY1vx%2FDx1yBuDCyDdFjmKSIicYIF7Q%3D%3D (Caused by SSLError(SSLEOFError(8, 'EOF occurred in violation of protocol (_ssl.c:1131)')))
2023-10-02 07:18:15 ERROR upload_file request headers: {'User-Agent': 'python-requests/2.31.0', 'Accept-Encoding': 'gzip, deflate, br', 'Accept': '*/*', 'Connection': 'keep-alive', 'Content-Length': '9671'}
2023-10-02 07:18:15 ERROR upload_file response body: 
2023-10-02 07:18:21 ERROR upload_file exception https://storage.googleapis.com/wandb-artifacts-prod/wandb_artifacts/103098043/591279694/0afe19457a736f4ede324294bb359f1e?Expires=1696288623&GoogleAccessId=gorilla-files-url-signer-man%40wandb-production.iam.gserviceaccount.com&Signature=kdseVixlKcNBKwsdBVdO%2BDQfSTntp03k2AExvUbQqV%2BEIGY2aMuD7jD5ovnwMpjRVqPt16Av%2FR3ve6cbb7z%2F6Dzmhx8cxooxhtpgvu%2BgEF3u7YUirpnxV8byJZoMBWvafP%2BnRG0pqxYKc%2BS%2BqFNHus6cGqriOYbX6Ct1%2B32%2BnfXRHcjnXEAUbKmIAMAkC6dAPKWfHZ7Rti6UNubywBMWsj3REURv9WnjRQkRetF0zR6zlgnZx0w0c9X2uctWHx4FnS7Dtlv81v7aKTUA8gbfqSFdm0R%2FQfCSBCewWJtTKjjAJHn%2FBH6EVkzw%2BHIyc8k%2BwkKxYzKvhx55I2U%2BPGfqfg%3D%3D: HTTPSConnectionPool(host='storage.googleapis.com', port=443): Max retries exceeded with url: /wandb-artifacts-prod/wandb_artifacts/103098043/591279694/0afe19457a736f4ede324294bb359f1e?Expires=1696288623&GoogleAccessId=gorilla-files-url-signer-man%40wandb-production.iam.gserviceaccount.com&Signature=kdseVixlKcNBKwsdBVdO%2BDQfSTntp03k2AExvUbQqV%2BEIGY2aMuD7jD5ovnwMpjRVqPt16Av%2FR3ve6cbb7z%2F6Dzmhx8cxooxhtpgvu%2BgEF3u7YUirpnxV8byJZoMBWvafP%2BnRG0pqxYKc%2BS%2BqFNHus6cGqriOYbX6Ct1%2B32%2BnfXRHcjnXEAUbKmIAMAkC6dAPKWfHZ7Rti6UNubywBMWsj3REURv9WnjRQkRetF0zR6zlgnZx0w0c9X2uctWHx4FnS7Dtlv81v7aKTUA8gbfqSFdm0R%2FQfCSBCewWJtTKjjAJHn%2FBH6EVkzw%2BHIyc8k%2BwkKxYzKvhx55I2U%2BPGfqfg%3D%3D (Caused by SSLError(SSLEOFError(8, 'EOF occurred in violation of protocol (_ssl.c:1131)')))
2023-10-02 07:18:21 ERROR upload_file request headers: {'User-Agent': 'python-requests/2.31.0', 'Accept-Encoding': 'gzip, deflate, br', 'Accept': '*/*', 'Connection': 'keep-alive', 'Content-MD5': 'Cv4ZRXpzb07eMkKUuzWfHg==', 'Content-Type': 'application/json', 'Content-Length': '20095'}
2023-10-02 07:18:21 ERROR upload_file response body: 
2023-10-02 07:19:26 ERROR upload_file exception https://storage.googleapis.com/wandb-production.appspot.com/ucl_2023_com00087/trlx/kdlxg969/wandb-metadata.json?Expires=1696288622&GoogleAccessId=gorilla-files-url-signer-man%40wandb-production.iam.gserviceaccount.com&Signature=CWXDjmOrHrQHjIMLrwn4UPjlkGwCHASGGVlTMSJLY%2BdhTARADM6s7GmwYQsUN5K0lvgYZsW8FtgmbyC0KL2zLX2sI3Czfv8U2OkXulYTO7UJFcFxhl9kmPrN1fpbyltZVtY5xfJsMGI3SqCJy2Zx7SieYWwo9I5rE5CWO%2FgF%2Bj9OoxnUBCCjau01Gr%2BKMdCiCeWaA9M9j7AlhmMFxPw%2F7yU9P92MlYdc3qPMsPuMAiLa3Zn6nk2JH9dXxwT6NJ%2F1kN%2F54DiRj9c8NFXnCHDG8i7oi0zaYI6HmkfGe%2F%2F2HAIBa4Z9WlrqXTMrMY1vx%2FDx1yBuDCyDdFjmKSIicYIF7Q%3D%3D: HTTPSConnectionPool(host='storage.googleapis.com', port=443): Max retries exceeded with url: /wandb-production.appspot.com/ucl_2023_com00087/trlx/kdlxg969/wandb-metadata.json?Expires=1696288622&GoogleAccessId=gorilla-files-url-signer-man%40wandb-production.iam.gserviceaccount.com&Signature=CWXDjmOrHrQHjIMLrwn4UPjlkGwCHASGGVlTMSJLY%2BdhTARADM6s7GmwYQsUN5K0lvgYZsW8FtgmbyC0KL2zLX2sI3Czfv8U2OkXulYTO7UJFcFxhl9kmPrN1fpbyltZVtY5xfJsMGI3SqCJy2Zx7SieYWwo9I5rE5CWO%2FgF%2Bj9OoxnUBCCjau01Gr%2BKMdCiCeWaA9M9j7AlhmMFxPw%2F7yU9P92MlYdc3qPMsPuMAiLa3Zn6nk2JH9dXxwT6NJ%2F1kN%2F54DiRj9c8NFXnCHDG8i7oi0zaYI6HmkfGe%2F%2F2HAIBa4Z9WlrqXTMrMY1vx%2FDx1yBuDCyDdFjmKSIicYIF7Q%3D%3D (Caused by SSLError(SSLEOFError(8, 'EOF occurred in violation of protocol (_ssl.c:1131)')))
2023-10-02 07:19:26 ERROR upload_file request headers: {'User-Agent': 'python-requests/2.31.0', 'Accept-Encoding': 'gzip, deflate, br', 'Accept': '*/*', 'Connection': 'keep-alive', 'Content-Length': '9671'}
2023-10-02 07:19:26 ERROR upload_file response body: 
2023-10-02 07:19:27 ERROR upload_file exception https://storage.googleapis.com/wandb-artifacts-prod/wandb_artifacts/103098043/591279694/0afe19457a736f4ede324294bb359f1e?Expires=1696288623&GoogleAccessId=gorilla-files-url-signer-man%40wandb-production.iam.gserviceaccount.com&Signature=kdseVixlKcNBKwsdBVdO%2BDQfSTntp03k2AExvUbQqV%2BEIGY2aMuD7jD5ovnwMpjRVqPt16Av%2FR3ve6cbb7z%2F6Dzmhx8cxooxhtpgvu%2BgEF3u7YUirpnxV8byJZoMBWvafP%2BnRG0pqxYKc%2BS%2BqFNHus6cGqriOYbX6Ct1%2B32%2BnfXRHcjnXEAUbKmIAMAkC6dAPKWfHZ7Rti6UNubywBMWsj3REURv9WnjRQkRetF0zR6zlgnZx0w0c9X2uctWHx4FnS7Dtlv81v7aKTUA8gbfqSFdm0R%2FQfCSBCewWJtTKjjAJHn%2FBH6EVkzw%2BHIyc8k%2BwkKxYzKvhx55I2U%2BPGfqfg%3D%3D: HTTPSConnectionPool(host='storage.googleapis.com', port=443): Max retries exceeded with url: /wandb-artifacts-prod/wandb_artifacts/103098043/591279694/0afe19457a736f4ede324294bb359f1e?Expires=1696288623&GoogleAccessId=gorilla-files-url-signer-man%40wandb-production.iam.gserviceaccount.com&Signature=kdseVixlKcNBKwsdBVdO%2BDQfSTntp03k2AExvUbQqV%2BEIGY2aMuD7jD5ovnwMpjRVqPt16Av%2FR3ve6cbb7z%2F6Dzmhx8cxooxhtpgvu%2BgEF3u7YUirpnxV8byJZoMBWvafP%2BnRG0pqxYKc%2BS%2BqFNHus6cGqriOYbX6Ct1%2B32%2BnfXRHcjnXEAUbKmIAMAkC6dAPKWfHZ7Rti6UNubywBMWsj3REURv9WnjRQkRetF0zR6zlgnZx0w0c9X2uctWHx4FnS7Dtlv81v7aKTUA8gbfqSFdm0R%2FQfCSBCewWJtTKjjAJHn%2FBH6EVkzw%2BHIyc8k%2BwkKxYzKvhx55I2U%2BPGfqfg%3D%3D (Caused by SSLError(SSLEOFError(8, 'EOF occurred in violation of protocol (_ssl.c:1131)')))
2023-10-02 07:19:27 ERROR upload_file request headers: {'User-Agent': 'python-requests/2.31.0', 'Accept-Encoding': 'gzip, deflate, br', 'Accept': '*/*', 'Connection': 'keep-alive', 'Content-MD5': 'Cv4ZRXpzb07eMkKUuzWfHg==', 'Content-Type': 'application/json', 'Content-Length': '20095'}
2023-10-02 07:19:27 ERROR upload_file response body: 
2023-10-02 07:21:42 ERROR upload_file exception https://storage.googleapis.com/wandb-artifacts-prod/wandb_artifacts/103098043/591279694/0afe19457a736f4ede324294bb359f1e?Expires=1696288623&GoogleAccessId=gorilla-files-url-signer-man%40wandb-production.iam.gserviceaccount.com&Signature=kdseVixlKcNBKwsdBVdO%2BDQfSTntp03k2AExvUbQqV%2BEIGY2aMuD7jD5ovnwMpjRVqPt16Av%2FR3ve6cbb7z%2F6Dzmhx8cxooxhtpgvu%2BgEF3u7YUirpnxV8byJZoMBWvafP%2BnRG0pqxYKc%2BS%2BqFNHus6cGqriOYbX6Ct1%2B32%2BnfXRHcjnXEAUbKmIAMAkC6dAPKWfHZ7Rti6UNubywBMWsj3REURv9WnjRQkRetF0zR6zlgnZx0w0c9X2uctWHx4FnS7Dtlv81v7aKTUA8gbfqSFdm0R%2FQfCSBCewWJtTKjjAJHn%2FBH6EVkzw%2BHIyc8k%2BwkKxYzKvhx55I2U%2BPGfqfg%3D%3D: HTTPSConnectionPool(host='storage.googleapis.com', port=443): Max retries exceeded with url: /wandb-artifacts-prod/wandb_artifacts/103098043/591279694/0afe19457a736f4ede324294bb359f1e?Expires=1696288623&GoogleAccessId=gorilla-files-url-signer-man%40wandb-production.iam.gserviceaccount.com&Signature=kdseVixlKcNBKwsdBVdO%2BDQfSTntp03k2AExvUbQqV%2BEIGY2aMuD7jD5ovnwMpjRVqPt16Av%2FR3ve6cbb7z%2F6Dzmhx8cxooxhtpgvu%2BgEF3u7YUirpnxV8byJZoMBWvafP%2BnRG0pqxYKc%2BS%2BqFNHus6cGqriOYbX6Ct1%2B32%2BnfXRHcjnXEAUbKmIAMAkC6dAPKWfHZ7Rti6UNubywBMWsj3REURv9WnjRQkRetF0zR6zlgnZx0w0c9X2uctWHx4FnS7Dtlv81v7aKTUA8gbfqSFdm0R%2FQfCSBCewWJtTKjjAJHn%2FBH6EVkzw%2BHIyc8k%2BwkKxYzKvhx55I2U%2BPGfqfg%3D%3D (Caused by SSLError(SSLEOFError(8, 'EOF occurred in violation of protocol (_ssl.c:1131)')))
2023-10-02 07:21:42 ERROR upload_file request headers: {'User-Agent': 'python-requests/2.31.0', 'Accept-Encoding': 'gzip, deflate, br', 'Accept': '*/*', 'Connection': 'keep-alive', 'Content-MD5': 'Cv4ZRXpzb07eMkKUuzWfHg==', 'Content-Type': 'application/json', 'Content-Length': '20095'}
2023-10-02 07:21:42 ERROR upload_file response body: 
2023-10-02 07:21:53 ERROR upload_file exception https://storage.googleapis.com/wandb-production.appspot.com/ucl_2023_com00087/trlx/kdlxg969/wandb-metadata.json?Expires=1696288622&GoogleAccessId=gorilla-files-url-signer-man%40wandb-production.iam.gserviceaccount.com&Signature=CWXDjmOrHrQHjIMLrwn4UPjlkGwCHASGGVlTMSJLY%2BdhTARADM6s7GmwYQsUN5K0lvgYZsW8FtgmbyC0KL2zLX2sI3Czfv8U2OkXulYTO7UJFcFxhl9kmPrN1fpbyltZVtY5xfJsMGI3SqCJy2Zx7SieYWwo9I5rE5CWO%2FgF%2Bj9OoxnUBCCjau01Gr%2BKMdCiCeWaA9M9j7AlhmMFxPw%2F7yU9P92MlYdc3qPMsPuMAiLa3Zn6nk2JH9dXxwT6NJ%2F1kN%2F54DiRj9c8NFXnCHDG8i7oi0zaYI6HmkfGe%2F%2F2HAIBa4Z9WlrqXTMrMY1vx%2FDx1yBuDCyDdFjmKSIicYIF7Q%3D%3D: HTTPSConnectionPool(host='storage.googleapis.com', port=443): Max retries exceeded with url: /wandb-production.appspot.com/ucl_2023_com00087/trlx/kdlxg969/wandb-metadata.json?Expires=1696288622&GoogleAccessId=gorilla-files-url-signer-man%40wandb-production.iam.gserviceaccount.com&Signature=CWXDjmOrHrQHjIMLrwn4UPjlkGwCHASGGVlTMSJLY%2BdhTARADM6s7GmwYQsUN5K0lvgYZsW8FtgmbyC0KL2zLX2sI3Czfv8U2OkXulYTO7UJFcFxhl9kmPrN1fpbyltZVtY5xfJsMGI3SqCJy2Zx7SieYWwo9I5rE5CWO%2FgF%2Bj9OoxnUBCCjau01Gr%2BKMdCiCeWaA9M9j7AlhmMFxPw%2F7yU9P92MlYdc3qPMsPuMAiLa3Zn6nk2JH9dXxwT6NJ%2F1kN%2F54DiRj9c8NFXnCHDG8i7oi0zaYI6HmkfGe%2F%2F2HAIBa4Z9WlrqXTMrMY1vx%2FDx1yBuDCyDdFjmKSIicYIF7Q%3D%3D (Caused by SSLError(SSLEOFError(8, 'EOF occurred in violation of protocol (_ssl.c:1131)')))
2023-10-02 07:21:53 ERROR upload_file request headers: {'User-Agent': 'python-requests/2.31.0', 'Accept-Encoding': 'gzip, deflate, br', 'Accept': '*/*', 'Connection': 'keep-alive', 'Content-Length': '9671'}
2023-10-02 07:21:53 ERROR upload_file response body: 
2023-10-02 07:26:02 ERROR upload_file exception https://storage.googleapis.com/wandb-artifacts-prod/wandb_artifacts/103098043/591279694/0afe19457a736f4ede324294bb359f1e?Expires=1696288623&GoogleAccessId=gorilla-files-url-signer-man%40wandb-production.iam.gserviceaccount.com&Signature=kdseVixlKcNBKwsdBVdO%2BDQfSTntp03k2AExvUbQqV%2BEIGY2aMuD7jD5ovnwMpjRVqPt16Av%2FR3ve6cbb7z%2F6Dzmhx8cxooxhtpgvu%2BgEF3u7YUirpnxV8byJZoMBWvafP%2BnRG0pqxYKc%2BS%2BqFNHus6cGqriOYbX6Ct1%2B32%2BnfXRHcjnXEAUbKmIAMAkC6dAPKWfHZ7Rti6UNubywBMWsj3REURv9WnjRQkRetF0zR6zlgnZx0w0c9X2uctWHx4FnS7Dtlv81v7aKTUA8gbfqSFdm0R%2FQfCSBCewWJtTKjjAJHn%2FBH6EVkzw%2BHIyc8k%2BwkKxYzKvhx55I2U%2BPGfqfg%3D%3D: HTTPSConnectionPool(host='storage.googleapis.com', port=443): Max retries exceeded with url: /wandb-artifacts-prod/wandb_artifacts/103098043/591279694/0afe19457a736f4ede324294bb359f1e?Expires=1696288623&GoogleAccessId=gorilla-files-url-signer-man%40wandb-production.iam.gserviceaccount.com&Signature=kdseVixlKcNBKwsdBVdO%2BDQfSTntp03k2AExvUbQqV%2BEIGY2aMuD7jD5ovnwMpjRVqPt16Av%2FR3ve6cbb7z%2F6Dzmhx8cxooxhtpgvu%2BgEF3u7YUirpnxV8byJZoMBWvafP%2BnRG0pqxYKc%2BS%2BqFNHus6cGqriOYbX6Ct1%2B32%2BnfXRHcjnXEAUbKmIAMAkC6dAPKWfHZ7Rti6UNubywBMWsj3REURv9WnjRQkRetF0zR6zlgnZx0w0c9X2uctWHx4FnS7Dtlv81v7aKTUA8gbfqSFdm0R%2FQfCSBCewWJtTKjjAJHn%2FBH6EVkzw%2BHIyc8k%2BwkKxYzKvhx55I2U%2BPGfqfg%3D%3D (Caused by SSLError(SSLEOFError(8, 'EOF occurred in violation of protocol (_ssl.c:1131)')))
2023-10-02 07:26:02 ERROR upload_file request headers: {'User-Agent': 'python-requests/2.31.0', 'Accept-Encoding': 'gzip, deflate, br', 'Accept': '*/*', 'Connection': 'keep-alive', 'Content-MD5': 'Cv4ZRXpzb07eMkKUuzWfHg==', 'Content-Type': 'application/json', 'Content-Length': '20095'}
2023-10-02 07:26:02 ERROR upload_file response body: 
2023-10-02 07:27:09 ERROR upload_file exception https://storage.googleapis.com/wandb-production.appspot.com/ucl_2023_com00087/trlx/kdlxg969/wandb-metadata.json?Expires=1696288622&GoogleAccessId=gorilla-files-url-signer-man%40wandb-production.iam.gserviceaccount.com&Signature=CWXDjmOrHrQHjIMLrwn4UPjlkGwCHASGGVlTMSJLY%2BdhTARADM6s7GmwYQsUN5K0lvgYZsW8FtgmbyC0KL2zLX2sI3Czfv8U2OkXulYTO7UJFcFxhl9kmPrN1fpbyltZVtY5xfJsMGI3SqCJy2Zx7SieYWwo9I5rE5CWO%2FgF%2Bj9OoxnUBCCjau01Gr%2BKMdCiCeWaA9M9j7AlhmMFxPw%2F7yU9P92MlYdc3qPMsPuMAiLa3Zn6nk2JH9dXxwT6NJ%2F1kN%2F54DiRj9c8NFXnCHDG8i7oi0zaYI6HmkfGe%2F%2F2HAIBa4Z9WlrqXTMrMY1vx%2FDx1yBuDCyDdFjmKSIicYIF7Q%3D%3D: HTTPSConnectionPool(host='storage.googleapis.com', port=443): Max retries exceeded with url: /wandb-production.appspot.com/ucl_2023_com00087/trlx/kdlxg969/wandb-metadata.json?Expires=1696288622&GoogleAccessId=gorilla-files-url-signer-man%40wandb-production.iam.gserviceaccount.com&Signature=CWXDjmOrHrQHjIMLrwn4UPjlkGwCHASGGVlTMSJLY%2BdhTARADM6s7GmwYQsUN5K0lvgYZsW8FtgmbyC0KL2zLX2sI3Czfv8U2OkXulYTO7UJFcFxhl9kmPrN1fpbyltZVtY5xfJsMGI3SqCJy2Zx7SieYWwo9I5rE5CWO%2FgF%2Bj9OoxnUBCCjau01Gr%2BKMdCiCeWaA9M9j7AlhmMFxPw%2F7yU9P92MlYdc3qPMsPuMAiLa3Zn6nk2JH9dXxwT6NJ%2F1kN%2F54DiRj9c8NFXnCHDG8i7oi0zaYI6HmkfGe%2F%2F2HAIBa4Z9WlrqXTMrMY1vx%2FDx1yBuDCyDdFjmKSIicYIF7Q%3D%3D (Caused by SSLError(SSLEOFError(8, 'EOF occurred in violation of protocol (_ssl.c:1131)')))
2023-10-02 07:27:09 ERROR upload_file request headers: {'User-Agent': 'python-requests/2.31.0', 'Accept-Encoding': 'gzip, deflate, br', 'Accept': '*/*', 'Connection': 'keep-alive', 'Content-Length': '9671'}
2023-10-02 07:27:09 ERROR upload_file response body: 
2023-10-02 07:31:36 ERROR upload_file exception https://storage.googleapis.com/wandb-artifacts-prod/wandb_artifacts/103098043/591279694/0afe19457a736f4ede324294bb359f1e?Expires=1696288623&GoogleAccessId=gorilla-files-url-signer-man%40wandb-production.iam.gserviceaccount.com&Signature=kdseVixlKcNBKwsdBVdO%2BDQfSTntp03k2AExvUbQqV%2BEIGY2aMuD7jD5ovnwMpjRVqPt16Av%2FR3ve6cbb7z%2F6Dzmhx8cxooxhtpgvu%2BgEF3u7YUirpnxV8byJZoMBWvafP%2BnRG0pqxYKc%2BS%2BqFNHus6cGqriOYbX6Ct1%2B32%2BnfXRHcjnXEAUbKmIAMAkC6dAPKWfHZ7Rti6UNubywBMWsj3REURv9WnjRQkRetF0zR6zlgnZx0w0c9X2uctWHx4FnS7Dtlv81v7aKTUA8gbfqSFdm0R%2FQfCSBCewWJtTKjjAJHn%2FBH6EVkzw%2BHIyc8k%2BwkKxYzKvhx55I2U%2BPGfqfg%3D%3D: HTTPSConnectionPool(host='storage.googleapis.com', port=443): Max retries exceeded with url: /wandb-artifacts-prod/wandb_artifacts/103098043/591279694/0afe19457a736f4ede324294bb359f1e?Expires=1696288623&GoogleAccessId=gorilla-files-url-signer-man%40wandb-production.iam.gserviceaccount.com&Signature=kdseVixlKcNBKwsdBVdO%2BDQfSTntp03k2AExvUbQqV%2BEIGY2aMuD7jD5ovnwMpjRVqPt16Av%2FR3ve6cbb7z%2F6Dzmhx8cxooxhtpgvu%2BgEF3u7YUirpnxV8byJZoMBWvafP%2BnRG0pqxYKc%2BS%2BqFNHus6cGqriOYbX6Ct1%2B32%2BnfXRHcjnXEAUbKmIAMAkC6dAPKWfHZ7Rti6UNubywBMWsj3REURv9WnjRQkRetF0zR6zlgnZx0w0c9X2uctWHx4FnS7Dtlv81v7aKTUA8gbfqSFdm0R%2FQfCSBCewWJtTKjjAJHn%2FBH6EVkzw%2BHIyc8k%2BwkKxYzKvhx55I2U%2BPGfqfg%3D%3D (Caused by SSLError(SSLEOFError(8, 'EOF occurred in violation of protocol (_ssl.c:1131)')))
2023-10-02 07:31:36 ERROR upload_file request headers: {'User-Agent': 'python-requests/2.31.0', 'Accept-Encoding': 'gzip, deflate, br', 'Accept': '*/*', 'Connection': 'keep-alive', 'Content-MD5': 'Cv4ZRXpzb07eMkKUuzWfHg==', 'Content-Type': 'application/json', 'Content-Length': '20095'}
2023-10-02 07:31:36 ERROR upload_file response body: 
2023-10-02 07:32:57 ERROR upload_file exception https://storage.googleapis.com/wandb-production.appspot.com/ucl_2023_com00087/trlx/kdlxg969/wandb-metadata.json?Expires=1696288622&GoogleAccessId=gorilla-files-url-signer-man%40wandb-production.iam.gserviceaccount.com&Signature=CWXDjmOrHrQHjIMLrwn4UPjlkGwCHASGGVlTMSJLY%2BdhTARADM6s7GmwYQsUN5K0lvgYZsW8FtgmbyC0KL2zLX2sI3Czfv8U2OkXulYTO7UJFcFxhl9kmPrN1fpbyltZVtY5xfJsMGI3SqCJy2Zx7SieYWwo9I5rE5CWO%2FgF%2Bj9OoxnUBCCjau01Gr%2BKMdCiCeWaA9M9j7AlhmMFxPw%2F7yU9P92MlYdc3qPMsPuMAiLa3Zn6nk2JH9dXxwT6NJ%2F1kN%2F54DiRj9c8NFXnCHDG8i7oi0zaYI6HmkfGe%2F%2F2HAIBa4Z9WlrqXTMrMY1vx%2FDx1yBuDCyDdFjmKSIicYIF7Q%3D%3D: HTTPSConnectionPool(host='storage.googleapis.com', port=443): Max retries exceeded with url: /wandb-production.appspot.com/ucl_2023_com00087/trlx/kdlxg969/wandb-metadata.json?Expires=1696288622&GoogleAccessId=gorilla-files-url-signer-man%40wandb-production.iam.gserviceaccount.com&Signature=CWXDjmOrHrQHjIMLrwn4UPjlkGwCHASGGVlTMSJLY%2BdhTARADM6s7GmwYQsUN5K0lvgYZsW8FtgmbyC0KL2zLX2sI3Czfv8U2OkXulYTO7UJFcFxhl9kmPrN1fpbyltZVtY5xfJsMGI3SqCJy2Zx7SieYWwo9I5rE5CWO%2FgF%2Bj9OoxnUBCCjau01Gr%2BKMdCiCeWaA9M9j7AlhmMFxPw%2F7yU9P92MlYdc3qPMsPuMAiLa3Zn6nk2JH9dXxwT6NJ%2F1kN%2F54DiRj9c8NFXnCHDG8i7oi0zaYI6HmkfGe%2F%2F2HAIBa4Z9WlrqXTMrMY1vx%2FDx1yBuDCyDdFjmKSIicYIF7Q%3D%3D (Caused by SSLError(SSLEOFError(8, 'EOF occurred in violation of protocol (_ssl.c:1131)')))
2023-10-02 07:32:57 ERROR upload_file request headers: {'User-Agent': 'python-requests/2.31.0', 'Accept-Encoding': 'gzip, deflate, br', 'Accept': '*/*', 'Connection': 'keep-alive', 'Content-Length': '9671'}
2023-10-02 07:32:57 ERROR upload_file response body: 
2023-10-02 07:36:38 ERROR upload_file exception https://storage.googleapis.com/wandb-artifacts-prod/wandb_artifacts/103098043/591279694/0afe19457a736f4ede324294bb359f1e?Expires=1696288623&GoogleAccessId=gorilla-files-url-signer-man%40wandb-production.iam.gserviceaccount.com&Signature=kdseVixlKcNBKwsdBVdO%2BDQfSTntp03k2AExvUbQqV%2BEIGY2aMuD7jD5ovnwMpjRVqPt16Av%2FR3ve6cbb7z%2F6Dzmhx8cxooxhtpgvu%2BgEF3u7YUirpnxV8byJZoMBWvafP%2BnRG0pqxYKc%2BS%2BqFNHus6cGqriOYbX6Ct1%2B32%2BnfXRHcjnXEAUbKmIAMAkC6dAPKWfHZ7Rti6UNubywBMWsj3REURv9WnjRQkRetF0zR6zlgnZx0w0c9X2uctWHx4FnS7Dtlv81v7aKTUA8gbfqSFdm0R%2FQfCSBCewWJtTKjjAJHn%2FBH6EVkzw%2BHIyc8k%2BwkKxYzKvhx55I2U%2BPGfqfg%3D%3D: HTTPSConnectionPool(host='storage.googleapis.com', port=443): Max retries exceeded with url: /wandb-artifacts-prod/wandb_artifacts/103098043/591279694/0afe19457a736f4ede324294bb359f1e?Expires=1696288623&GoogleAccessId=gorilla-files-url-signer-man%40wandb-production.iam.gserviceaccount.com&Signature=kdseVixlKcNBKwsdBVdO%2BDQfSTntp03k2AExvUbQqV%2BEIGY2aMuD7jD5ovnwMpjRVqPt16Av%2FR3ve6cbb7z%2F6Dzmhx8cxooxhtpgvu%2BgEF3u7YUirpnxV8byJZoMBWvafP%2BnRG0pqxYKc%2BS%2BqFNHus6cGqriOYbX6Ct1%2B32%2BnfXRHcjnXEAUbKmIAMAkC6dAPKWfHZ7Rti6UNubywBMWsj3REURv9WnjRQkRetF0zR6zlgnZx0w0c9X2uctWHx4FnS7Dtlv81v7aKTUA8gbfqSFdm0R%2FQfCSBCewWJtTKjjAJHn%2FBH6EVkzw%2BHIyc8k%2BwkKxYzKvhx55I2U%2BPGfqfg%3D%3D (Caused by SSLError(SSLEOFError(8, 'EOF occurred in violation of protocol (_ssl.c:1131)')))
2023-10-02 07:36:38 ERROR upload_file request headers: {'User-Agent': 'python-requests/2.31.0', 'Accept-Encoding': 'gzip, deflate, br', 'Accept': '*/*', 'Connection': 'keep-alive', 'Content-MD5': 'Cv4ZRXpzb07eMkKUuzWfHg==', 'Content-Type': 'application/json', 'Content-Length': '20095'}
2023-10-02 07:36:38 ERROR upload_file response body: 
2023-10-02 07:38:44 ERROR upload_file exception https://storage.googleapis.com/wandb-production.appspot.com/ucl_2023_com00087/trlx/kdlxg969/wandb-metadata.json?Expires=1696288622&GoogleAccessId=gorilla-files-url-signer-man%40wandb-production.iam.gserviceaccount.com&Signature=CWXDjmOrHrQHjIMLrwn4UPjlkGwCHASGGVlTMSJLY%2BdhTARADM6s7GmwYQsUN5K0lvgYZsW8FtgmbyC0KL2zLX2sI3Czfv8U2OkXulYTO7UJFcFxhl9kmPrN1fpbyltZVtY5xfJsMGI3SqCJy2Zx7SieYWwo9I5rE5CWO%2FgF%2Bj9OoxnUBCCjau01Gr%2BKMdCiCeWaA9M9j7AlhmMFxPw%2F7yU9P92MlYdc3qPMsPuMAiLa3Zn6nk2JH9dXxwT6NJ%2F1kN%2F54DiRj9c8NFXnCHDG8i7oi0zaYI6HmkfGe%2F%2F2HAIBa4Z9WlrqXTMrMY1vx%2FDx1yBuDCyDdFjmKSIicYIF7Q%3D%3D: HTTPSConnectionPool(host='storage.googleapis.com', port=443): Max retries exceeded with url: /wandb-production.appspot.com/ucl_2023_com00087/trlx/kdlxg969/wandb-metadata.json?Expires=1696288622&GoogleAccessId=gorilla-files-url-signer-man%40wandb-production.iam.gserviceaccount.com&Signature=CWXDjmOrHrQHjIMLrwn4UPjlkGwCHASGGVlTMSJLY%2BdhTARADM6s7GmwYQsUN5K0lvgYZsW8FtgmbyC0KL2zLX2sI3Czfv8U2OkXulYTO7UJFcFxhl9kmPrN1fpbyltZVtY5xfJsMGI3SqCJy2Zx7SieYWwo9I5rE5CWO%2FgF%2Bj9OoxnUBCCjau01Gr%2BKMdCiCeWaA9M9j7AlhmMFxPw%2F7yU9P92MlYdc3qPMsPuMAiLa3Zn6nk2JH9dXxwT6NJ%2F1kN%2F54DiRj9c8NFXnCHDG8i7oi0zaYI6HmkfGe%2F%2F2HAIBa4Z9WlrqXTMrMY1vx%2FDx1yBuDCyDdFjmKSIicYIF7Q%3D%3D (Caused by SSLError(SSLEOFError(8, 'EOF occurred in violation of protocol (_ssl.c:1131)')))
2023-10-02 07:38:44 ERROR upload_file request headers: {'User-Agent': 'python-requests/2.31.0', 'Accept-Encoding': 'gzip, deflate, br', 'Accept': '*/*', 'Connection': 'keep-alive', 'Content-Length': '9671'}
2023-10-02 07:38:44 ERROR upload_file response body: 
2023-10-02 07:41:52 ERROR upload_file exception https://storage.googleapis.com/wandb-artifacts-prod/wandb_artifacts/103098043/591279694/0afe19457a736f4ede324294bb359f1e?Expires=1696288623&GoogleAccessId=gorilla-files-url-signer-man%40wandb-production.iam.gserviceaccount.com&Signature=kdseVixlKcNBKwsdBVdO%2BDQfSTntp03k2AExvUbQqV%2BEIGY2aMuD7jD5ovnwMpjRVqPt16Av%2FR3ve6cbb7z%2F6Dzmhx8cxooxhtpgvu%2BgEF3u7YUirpnxV8byJZoMBWvafP%2BnRG0pqxYKc%2BS%2BqFNHus6cGqriOYbX6Ct1%2B32%2BnfXRHcjnXEAUbKmIAMAkC6dAPKWfHZ7Rti6UNubywBMWsj3REURv9WnjRQkRetF0zR6zlgnZx0w0c9X2uctWHx4FnS7Dtlv81v7aKTUA8gbfqSFdm0R%2FQfCSBCewWJtTKjjAJHn%2FBH6EVkzw%2BHIyc8k%2BwkKxYzKvhx55I2U%2BPGfqfg%3D%3D: HTTPSConnectionPool(host='storage.googleapis.com', port=443): Max retries exceeded with url: /wandb-artifacts-prod/wandb_artifacts/103098043/591279694/0afe19457a736f4ede324294bb359f1e?Expires=1696288623&GoogleAccessId=gorilla-files-url-signer-man%40wandb-production.iam.gserviceaccount.com&Signature=kdseVixlKcNBKwsdBVdO%2BDQfSTntp03k2AExvUbQqV%2BEIGY2aMuD7jD5ovnwMpjRVqPt16Av%2FR3ve6cbb7z%2F6Dzmhx8cxooxhtpgvu%2BgEF3u7YUirpnxV8byJZoMBWvafP%2BnRG0pqxYKc%2BS%2BqFNHus6cGqriOYbX6Ct1%2B32%2BnfXRHcjnXEAUbKmIAMAkC6dAPKWfHZ7Rti6UNubywBMWsj3REURv9WnjRQkRetF0zR6zlgnZx0w0c9X2uctWHx4FnS7Dtlv81v7aKTUA8gbfqSFdm0R%2FQfCSBCewWJtTKjjAJHn%2FBH6EVkzw%2BHIyc8k%2BwkKxYzKvhx55I2U%2BPGfqfg%3D%3D (Caused by SSLError(SSLEOFError(8, 'EOF occurred in violation of protocol (_ssl.c:1131)')))
2023-10-02 07:41:52 ERROR upload_file request headers: {'User-Agent': 'python-requests/2.31.0', 'Accept-Encoding': 'gzip, deflate, br', 'Accept': '*/*', 'Connection': 'keep-alive', 'Content-MD5': 'Cv4ZRXpzb07eMkKUuzWfHg==', 'Content-Type': 'application/json', 'Content-Length': '20095'}
2023-10-02 07:41:52 ERROR upload_file response body: 
2023-10-02 07:43:49 ERROR upload_file exception https://storage.googleapis.com/wandb-production.appspot.com/ucl_2023_com00087/trlx/kdlxg969/wandb-metadata.json?Expires=1696288622&GoogleAccessId=gorilla-files-url-signer-man%40wandb-production.iam.gserviceaccount.com&Signature=CWXDjmOrHrQHjIMLrwn4UPjlkGwCHASGGVlTMSJLY%2BdhTARADM6s7GmwYQsUN5K0lvgYZsW8FtgmbyC0KL2zLX2sI3Czfv8U2OkXulYTO7UJFcFxhl9kmPrN1fpbyltZVtY5xfJsMGI3SqCJy2Zx7SieYWwo9I5rE5CWO%2FgF%2Bj9OoxnUBCCjau01Gr%2BKMdCiCeWaA9M9j7AlhmMFxPw%2F7yU9P92MlYdc3qPMsPuMAiLa3Zn6nk2JH9dXxwT6NJ%2F1kN%2F54DiRj9c8NFXnCHDG8i7oi0zaYI6HmkfGe%2F%2F2HAIBa4Z9WlrqXTMrMY1vx%2FDx1yBuDCyDdFjmKSIicYIF7Q%3D%3D: HTTPSConnectionPool(host='storage.googleapis.com', port=443): Max retries exceeded with url: /wandb-production.appspot.com/ucl_2023_com00087/trlx/kdlxg969/wandb-metadata.json?Expires=1696288622&GoogleAccessId=gorilla-files-url-signer-man%40wandb-production.iam.gserviceaccount.com&Signature=CWXDjmOrHrQHjIMLrwn4UPjlkGwCHASGGVlTMSJLY%2BdhTARADM6s7GmwYQsUN5K0lvgYZsW8FtgmbyC0KL2zLX2sI3Czfv8U2OkXulYTO7UJFcFxhl9kmPrN1fpbyltZVtY5xfJsMGI3SqCJy2Zx7SieYWwo9I5rE5CWO%2FgF%2Bj9OoxnUBCCjau01Gr%2BKMdCiCeWaA9M9j7AlhmMFxPw%2F7yU9P92MlYdc3qPMsPuMAiLa3Zn6nk2JH9dXxwT6NJ%2F1kN%2F54DiRj9c8NFXnCHDG8i7oi0zaYI6HmkfGe%2F%2F2HAIBa4Z9WlrqXTMrMY1vx%2FDx1yBuDCyDdFjmKSIicYIF7Q%3D%3D (Caused by SSLError(SSLEOFError(8, 'EOF occurred in violation of protocol (_ssl.c:1131)')))
2023-10-02 07:43:49 ERROR upload_file request headers: {'User-Agent': 'python-requests/2.31.0', 'Accept-Encoding': 'gzip, deflate, br', 'Accept': '*/*', 'Connection': 'keep-alive', 'Content-Length': '9671'}
2023-10-02 07:43:49 ERROR upload_file response body: 
2023-10-02 07:47:45 ERROR upload_file exception https://storage.googleapis.com/wandb-artifacts-prod/wandb_artifacts/103098043/591279694/0afe19457a736f4ede324294bb359f1e?Expires=1696288623&GoogleAccessId=gorilla-files-url-signer-man%40wandb-production.iam.gserviceaccount.com&Signature=kdseVixlKcNBKwsdBVdO%2BDQfSTntp03k2AExvUbQqV%2BEIGY2aMuD7jD5ovnwMpjRVqPt16Av%2FR3ve6cbb7z%2F6Dzmhx8cxooxhtpgvu%2BgEF3u7YUirpnxV8byJZoMBWvafP%2BnRG0pqxYKc%2BS%2BqFNHus6cGqriOYbX6Ct1%2B32%2BnfXRHcjnXEAUbKmIAMAkC6dAPKWfHZ7Rti6UNubywBMWsj3REURv9WnjRQkRetF0zR6zlgnZx0w0c9X2uctWHx4FnS7Dtlv81v7aKTUA8gbfqSFdm0R%2FQfCSBCewWJtTKjjAJHn%2FBH6EVkzw%2BHIyc8k%2BwkKxYzKvhx55I2U%2BPGfqfg%3D%3D: HTTPSConnectionPool(host='storage.googleapis.com', port=443): Max retries exceeded with url: /wandb-artifacts-prod/wandb_artifacts/103098043/591279694/0afe19457a736f4ede324294bb359f1e?Expires=1696288623&GoogleAccessId=gorilla-files-url-signer-man%40wandb-production.iam.gserviceaccount.com&Signature=kdseVixlKcNBKwsdBVdO%2BDQfSTntp03k2AExvUbQqV%2BEIGY2aMuD7jD5ovnwMpjRVqPt16Av%2FR3ve6cbb7z%2F6Dzmhx8cxooxhtpgvu%2BgEF3u7YUirpnxV8byJZoMBWvafP%2BnRG0pqxYKc%2BS%2BqFNHus6cGqriOYbX6Ct1%2B32%2BnfXRHcjnXEAUbKmIAMAkC6dAPKWfHZ7Rti6UNubywBMWsj3REURv9WnjRQkRetF0zR6zlgnZx0w0c9X2uctWHx4FnS7Dtlv81v7aKTUA8gbfqSFdm0R%2FQfCSBCewWJtTKjjAJHn%2FBH6EVkzw%2BHIyc8k%2BwkKxYzKvhx55I2U%2BPGfqfg%3D%3D (Caused by SSLError(SSLEOFError(8, 'EOF occurred in violation of protocol (_ssl.c:1131)')))
2023-10-02 07:47:45 ERROR upload_file request headers: {'User-Agent': 'python-requests/2.31.0', 'Accept-Encoding': 'gzip, deflate, br', 'Accept': '*/*', 'Connection': 'keep-alive', 'Content-MD5': 'Cv4ZRXpzb07eMkKUuzWfHg==', 'Content-Type': 'application/json', 'Content-Length': '20095'}
2023-10-02 07:47:45 ERROR upload_file response body: 
